2020-03-01 00:00:34,716 INFO [restartedMain] c.m.f.f.FinalcommunityApplication [StartupInfoLogger.java:55] Starting FinalcommunityApplication on Genshushu with PID 12656 (D:\IDEAWorkSpace\finalcommunity\target\classes started by 26862 in D:\IDEAWorkSpace\finalcommunity)
2020-03-01 00:00:34,728 INFO [restartedMain] c.m.f.f.FinalcommunityApplication [SpringApplication.java:651] No active profile set, falling back to default profiles: default
2020-03-01 00:00:34,787 INFO [restartedMain] o.s.b.d.e.DevToolsPropertyDefaultsPostProcessor [DeferredLog.java:225] Devtools property defaults active! Set 'spring.devtools.add-properties' to 'false' to disable
2020-03-01 00:00:34,788 INFO [restartedMain] o.s.b.d.e.DevToolsPropertyDefaultsPostProcessor [DeferredLog.java:225] For additional web related logging consider setting the 'logging.level.web' property to 'DEBUG'
2020-03-01 00:00:36,947 INFO [restartedMain] o.s.b.w.e.t.TomcatWebServer [TomcatWebServer.java:92] Tomcat initialized with port(s): 8887 (http)
2020-03-01 00:00:36,955 INFO [restartedMain] o.a.c.h.Http11NioProtocol [DirectJDKLog.java:173] Initializing ProtocolHandler ["http-nio-8887"]
2020-03-01 00:00:36,955 INFO [restartedMain] o.a.c.c.StandardService [DirectJDKLog.java:173] Starting service [Tomcat]
2020-03-01 00:00:36,956 INFO [restartedMain] o.a.c.c.StandardEngine [DirectJDKLog.java:173] Starting Servlet engine: [Apache Tomcat/9.0.30]
2020-03-01 00:00:37,117 INFO [restartedMain] o.a.c.c.C.[.[.[/community] [DirectJDKLog.java:173] Initializing Spring embedded WebApplicationContext
2020-03-01 00:00:37,117 INFO [restartedMain] o.s.w.c.ContextLoader [ServletWebServerApplicationContext.java:284] Root WebApplicationContext: initialization completed in 2328 ms
2020-03-01 00:00:37,574 INFO [restartedMain] o.s.s.c.ThreadPoolTaskExecutor [ExecutorConfigurationSupport.java:171] Initializing ExecutorService 'applicationTaskExecutor'
2020-03-01 00:00:37,627 INFO [restartedMain] o.s.b.a.w.s.WelcomePageHandlerMapping [WelcomePageHandlerMapping.java:58] Adding welcome page template: index
2020-03-01 00:00:37,743 INFO [restartedMain] o.s.b.d.a.OptionalLiveReloadServer [OptionalLiveReloadServer.java:58] LiveReload server is running on port 35729
2020-03-01 00:00:37,770 INFO [restartedMain] o.a.c.h.Http11NioProtocol [DirectJDKLog.java:173] Starting ProtocolHandler ["http-nio-8887"]
2020-03-01 00:00:37,790 INFO [restartedMain] o.s.b.w.e.t.TomcatWebServer [TomcatWebServer.java:204] Tomcat started on port(s): 8887 (http) with context path '/community'
2020-03-01 00:00:37,794 INFO [restartedMain] c.m.f.f.FinalcommunityApplication [StartupInfoLogger.java:61] Started FinalcommunityApplication in 3.747 seconds (JVM running for 7.048)
2020-03-01 00:00:37,929 INFO [http-nio-8887-exec-1] o.a.c.c.C.[.[.[/community] [DirectJDKLog.java:173] Initializing Spring DispatcherServlet 'dispatcherServlet'
2020-03-01 00:00:37,930 INFO [http-nio-8887-exec-1] o.s.w.s.DispatcherServlet [FrameworkServlet.java:525] Initializing Servlet 'dispatcherServlet'
2020-03-01 00:00:37,935 INFO [http-nio-8887-exec-1] o.s.w.s.DispatcherServlet [FrameworkServlet.java:547] Completed initialization in 4 ms
2020-03-01 00:00:37,964 INFO [http-nio-8887-exec-1] c.z.h.HikariDataSource [HikariDataSource.java:110] HikariPool-1 - Starting...
2020-03-01 00:00:38,071 INFO [http-nio-8887-exec-1] c.z.h.HikariDataSource [HikariDataSource.java:123] HikariPool-1 - Start completed.
2020-03-01 00:04:58,023 INFO [restartedMain] c.m.f.f.FinalcommunityApplication [StartupInfoLogger.java:55] Starting FinalcommunityApplication on Genshushu with PID 16668 (D:\IDEAWorkSpace\finalcommunity\target\classes started by 26862 in D:\IDEAWorkSpace\finalcommunity)
2020-03-01 00:04:58,027 INFO [restartedMain] c.m.f.f.FinalcommunityApplication [SpringApplication.java:651] No active profile set, falling back to default profiles: default
2020-03-01 00:04:58,068 INFO [restartedMain] o.s.b.d.e.DevToolsPropertyDefaultsPostProcessor [DeferredLog.java:225] Devtools property defaults active! Set 'spring.devtools.add-properties' to 'false' to disable
2020-03-01 00:04:58,069 INFO [restartedMain] o.s.b.d.e.DevToolsPropertyDefaultsPostProcessor [DeferredLog.java:225] For additional web related logging consider setting the 'logging.level.web' property to 'DEBUG'
2020-03-01 00:04:59,383 INFO [restartedMain] o.s.b.w.e.t.TomcatWebServer [TomcatWebServer.java:92] Tomcat initialized with port(s): 8887 (http)
2020-03-01 00:04:59,390 INFO [restartedMain] o.a.c.h.Http11NioProtocol [DirectJDKLog.java:173] Initializing ProtocolHandler ["http-nio-8887"]
2020-03-01 00:04:59,391 INFO [restartedMain] o.a.c.c.StandardService [DirectJDKLog.java:173] Starting service [Tomcat]
2020-03-01 00:04:59,391 INFO [restartedMain] o.a.c.c.StandardEngine [DirectJDKLog.java:173] Starting Servlet engine: [Apache Tomcat/9.0.30]
2020-03-01 00:04:59,565 INFO [restartedMain] o.a.c.c.C.[.[.[/community] [DirectJDKLog.java:173] Initializing Spring embedded WebApplicationContext
2020-03-01 00:04:59,565 INFO [restartedMain] o.s.w.c.ContextLoader [ServletWebServerApplicationContext.java:284] Root WebApplicationContext: initialization completed in 1496 ms
2020-03-01 00:05:00,151 INFO [restartedMain] o.s.s.c.ThreadPoolTaskExecutor [ExecutorConfigurationSupport.java:171] Initializing ExecutorService 'applicationTaskExecutor'
2020-03-01 00:05:00,226 INFO [restartedMain] o.s.b.a.w.s.WelcomePageHandlerMapping [WelcomePageHandlerMapping.java:58] Adding welcome page template: index
2020-03-01 00:05:00,376 INFO [restartedMain] o.s.b.d.a.OptionalLiveReloadServer [OptionalLiveReloadServer.java:58] LiveReload server is running on port 35729
2020-03-01 00:05:00,413 INFO [restartedMain] o.a.c.h.Http11NioProtocol [DirectJDKLog.java:173] Starting ProtocolHandler ["http-nio-8887"]
2020-03-01 00:05:00,436 INFO [restartedMain] o.s.b.w.e.t.TomcatWebServer [TomcatWebServer.java:204] Tomcat started on port(s): 8887 (http) with context path '/community'
2020-03-01 00:05:00,441 INFO [restartedMain] c.m.f.f.FinalcommunityApplication [StartupInfoLogger.java:61] Started FinalcommunityApplication in 2.906 seconds (JVM running for 4.656)
2020-03-01 00:05:13,564 INFO [restartedMain] c.m.f.f.FinalcommunityApplication [StartupInfoLogger.java:55] Starting FinalcommunityApplication on Genshushu with PID 12416 (D:\IDEAWorkSpace\finalcommunity\target\classes started by 26862 in D:\IDEAWorkSpace\finalcommunity)
2020-03-01 00:05:13,568 INFO [restartedMain] c.m.f.f.FinalcommunityApplication [SpringApplication.java:651] No active profile set, falling back to default profiles: default
2020-03-01 00:05:13,620 INFO [restartedMain] o.s.b.d.e.DevToolsPropertyDefaultsPostProcessor [DeferredLog.java:225] Devtools property defaults active! Set 'spring.devtools.add-properties' to 'false' to disable
2020-03-01 00:05:13,621 INFO [restartedMain] o.s.b.d.e.DevToolsPropertyDefaultsPostProcessor [DeferredLog.java:225] For additional web related logging consider setting the 'logging.level.web' property to 'DEBUG'
2020-03-01 00:05:14,958 INFO [restartedMain] o.s.b.w.e.t.TomcatWebServer [TomcatWebServer.java:92] Tomcat initialized with port(s): 8887 (http)
2020-03-01 00:05:14,966 INFO [restartedMain] o.a.c.h.Http11NioProtocol [DirectJDKLog.java:173] Initializing ProtocolHandler ["http-nio-8887"]
2020-03-01 00:05:14,967 INFO [restartedMain] o.a.c.c.StandardService [DirectJDKLog.java:173] Starting service [Tomcat]
2020-03-01 00:05:14,967 INFO [restartedMain] o.a.c.c.StandardEngine [DirectJDKLog.java:173] Starting Servlet engine: [Apache Tomcat/9.0.30]
2020-03-01 00:05:15,123 INFO [restartedMain] o.a.c.c.C.[.[.[/community] [DirectJDKLog.java:173] Initializing Spring embedded WebApplicationContext
2020-03-01 00:05:15,124 INFO [restartedMain] o.s.w.c.ContextLoader [ServletWebServerApplicationContext.java:284] Root WebApplicationContext: initialization completed in 1501 ms
2020-03-01 00:05:15,547 INFO [restartedMain] o.s.s.c.ThreadPoolTaskExecutor [ExecutorConfigurationSupport.java:171] Initializing ExecutorService 'applicationTaskExecutor'
2020-03-01 00:05:15,604 INFO [restartedMain] o.s.b.a.w.s.WelcomePageHandlerMapping [WelcomePageHandlerMapping.java:58] Adding welcome page template: index
2020-03-01 00:05:15,722 INFO [restartedMain] o.s.b.d.a.OptionalLiveReloadServer [OptionalLiveReloadServer.java:58] LiveReload server is running on port 35729
2020-03-01 00:05:15,745 INFO [restartedMain] o.a.c.h.Http11NioProtocol [DirectJDKLog.java:173] Starting ProtocolHandler ["http-nio-8887"]
2020-03-01 00:05:15,763 INFO [restartedMain] o.s.b.w.e.t.TomcatWebServer [TomcatWebServer.java:204] Tomcat started on port(s): 8887 (http) with context path '/community'
2020-03-01 00:05:15,766 INFO [restartedMain] c.m.f.f.FinalcommunityApplication [StartupInfoLogger.java:61] Started FinalcommunityApplication in 2.79 seconds (JVM running for 4.539)
2020-03-01 00:05:27,228 INFO [http-nio-8887-exec-1] o.a.c.c.C.[.[.[/community] [DirectJDKLog.java:173] Initializing Spring DispatcherServlet 'dispatcherServlet'
2020-03-01 00:05:27,230 INFO [http-nio-8887-exec-1] o.s.w.s.DispatcherServlet [FrameworkServlet.java:525] Initializing Servlet 'dispatcherServlet'
2020-03-01 00:05:27,237 INFO [http-nio-8887-exec-1] o.s.w.s.DispatcherServlet [FrameworkServlet.java:547] Completed initialization in 7 ms
2020-03-01 00:05:27,265 INFO [http-nio-8887-exec-1] c.z.h.HikariDataSource [HikariDataSource.java:110] HikariPool-1 - Starting...
2020-03-01 00:05:27,369 INFO [http-nio-8887-exec-1] c.z.h.HikariDataSource [HikariDataSource.java:123] HikariPool-1 - Start completed.
2020-03-01 00:07:06,030 INFO [restartedMain] c.m.f.f.FinalcommunityApplication [StartupInfoLogger.java:55] Starting FinalcommunityApplication on Genshushu with PID 260 (D:\IDEAWorkSpace\finalcommunity\target\classes started by 26862 in D:\IDEAWorkSpace\finalcommunity)
2020-03-01 00:07:06,033 INFO [restartedMain] c.m.f.f.FinalcommunityApplication [SpringApplication.java:651] No active profile set, falling back to default profiles: default
2020-03-01 00:07:06,067 INFO [restartedMain] o.s.b.d.e.DevToolsPropertyDefaultsPostProcessor [DeferredLog.java:225] Devtools property defaults active! Set 'spring.devtools.add-properties' to 'false' to disable
2020-03-01 00:07:06,067 INFO [restartedMain] o.s.b.d.e.DevToolsPropertyDefaultsPostProcessor [DeferredLog.java:225] For additional web related logging consider setting the 'logging.level.web' property to 'DEBUG'
2020-03-01 00:07:06,991 INFO [restartedMain] o.s.b.w.e.t.TomcatWebServer [TomcatWebServer.java:92] Tomcat initialized with port(s): 8887 (http)
2020-03-01 00:07:06,996 INFO [restartedMain] o.a.c.h.Http11NioProtocol [DirectJDKLog.java:173] Initializing ProtocolHandler ["http-nio-8887"]
2020-03-01 00:07:06,997 INFO [restartedMain] o.a.c.c.StandardService [DirectJDKLog.java:173] Starting service [Tomcat]
2020-03-01 00:07:06,997 INFO [restartedMain] o.a.c.c.StandardEngine [DirectJDKLog.java:173] Starting Servlet engine: [Apache Tomcat/9.0.30]
2020-03-01 00:07:07,130 INFO [restartedMain] o.a.c.c.C.[.[.[/community] [DirectJDKLog.java:173] Initializing Spring embedded WebApplicationContext
2020-03-01 00:07:07,130 INFO [restartedMain] o.s.w.c.ContextLoader [ServletWebServerApplicationContext.java:284] Root WebApplicationContext: initialization completed in 1062 ms
2020-03-01 00:07:07,501 INFO [restartedMain] o.s.s.c.ThreadPoolTaskExecutor [ExecutorConfigurationSupport.java:171] Initializing ExecutorService 'applicationTaskExecutor'
2020-03-01 00:07:07,543 INFO [restartedMain] o.s.b.a.w.s.WelcomePageHandlerMapping [WelcomePageHandlerMapping.java:58] Adding welcome page template: index
2020-03-01 00:07:07,642 INFO [restartedMain] o.s.b.d.a.OptionalLiveReloadServer [OptionalLiveReloadServer.java:58] LiveReload server is running on port 35729
2020-03-01 00:07:07,663 INFO [restartedMain] o.a.c.h.Http11NioProtocol [DirectJDKLog.java:173] Starting ProtocolHandler ["http-nio-8887"]
2020-03-01 00:07:07,681 INFO [restartedMain] o.s.b.w.e.t.TomcatWebServer [TomcatWebServer.java:204] Tomcat started on port(s): 8887 (http) with context path '/community'
2020-03-01 00:07:07,686 INFO [restartedMain] c.m.f.f.FinalcommunityApplication [StartupInfoLogger.java:61] Started FinalcommunityApplication in 2.069 seconds (JVM running for 3.108)
2020-03-01 00:07:21,365 INFO [http-nio-8887-exec-1] o.a.c.c.C.[.[.[/community] [DirectJDKLog.java:173] Initializing Spring DispatcherServlet 'dispatcherServlet'
2020-03-01 00:07:21,367 INFO [http-nio-8887-exec-1] o.s.w.s.DispatcherServlet [FrameworkServlet.java:525] Initializing Servlet 'dispatcherServlet'
2020-03-01 00:07:21,373 INFO [http-nio-8887-exec-1] o.s.w.s.DispatcherServlet [FrameworkServlet.java:547] Completed initialization in 6 ms
2020-03-01 00:07:21,400 INFO [http-nio-8887-exec-1] c.z.h.HikariDataSource [HikariDataSource.java:110] HikariPool-1 - Starting...
2020-03-01 00:07:21,483 INFO [http-nio-8887-exec-1] c.z.h.HikariDataSource [HikariDataSource.java:123] HikariPool-1 - Start completed.
2020-03-01 00:17:35,474 INFO [restartedMain] c.m.f.f.FinalcommunityApplication [StartupInfoLogger.java:55] Starting FinalcommunityApplication on Genshushu with PID 21656 (D:\IDEAWorkSpace\finalcommunity\target\classes started by 26862 in D:\IDEAWorkSpace\finalcommunity)
2020-03-01 00:17:35,481 INFO [restartedMain] c.m.f.f.FinalcommunityApplication [SpringApplication.java:651] No active profile set, falling back to default profiles: default
2020-03-01 00:17:35,539 INFO [restartedMain] o.s.b.d.e.DevToolsPropertyDefaultsPostProcessor [DeferredLog.java:225] Devtools property defaults active! Set 'spring.devtools.add-properties' to 'false' to disable
2020-03-01 00:17:35,540 INFO [restartedMain] o.s.b.d.e.DevToolsPropertyDefaultsPostProcessor [DeferredLog.java:225] For additional web related logging consider setting the 'logging.level.web' property to 'DEBUG'
2020-03-01 00:17:36,762 INFO [restartedMain] o.s.b.w.e.t.TomcatWebServer [TomcatWebServer.java:92] Tomcat initialized with port(s): 8887 (http)
2020-03-01 00:17:36,769 INFO [restartedMain] o.a.c.h.Http11NioProtocol [DirectJDKLog.java:173] Initializing ProtocolHandler ["http-nio-8887"]
2020-03-01 00:17:36,770 INFO [restartedMain] o.a.c.c.StandardService [DirectJDKLog.java:173] Starting service [Tomcat]
2020-03-01 00:17:36,770 INFO [restartedMain] o.a.c.c.StandardEngine [DirectJDKLog.java:173] Starting Servlet engine: [Apache Tomcat/9.0.30]
2020-03-01 00:17:36,927 INFO [restartedMain] o.a.c.c.C.[.[.[/community] [DirectJDKLog.java:173] Initializing Spring embedded WebApplicationContext
2020-03-01 00:17:36,928 INFO [restartedMain] o.s.w.c.ContextLoader [ServletWebServerApplicationContext.java:284] Root WebApplicationContext: initialization completed in 1387 ms
2020-03-01 00:17:37,332 INFO [restartedMain] o.s.s.c.ThreadPoolTaskExecutor [ExecutorConfigurationSupport.java:171] Initializing ExecutorService 'applicationTaskExecutor'
2020-03-01 00:17:37,415 INFO [restartedMain] o.s.b.a.w.s.WelcomePageHandlerMapping [WelcomePageHandlerMapping.java:58] Adding welcome page template: index
2020-03-01 00:17:37,560 INFO [restartedMain] o.s.b.d.a.OptionalLiveReloadServer [OptionalLiveReloadServer.java:58] LiveReload server is running on port 35729
2020-03-01 00:17:37,583 INFO [restartedMain] o.a.c.h.Http11NioProtocol [DirectJDKLog.java:173] Starting ProtocolHandler ["http-nio-8887"]
2020-03-01 00:17:37,602 INFO [restartedMain] o.s.b.w.e.t.TomcatWebServer [TomcatWebServer.java:204] Tomcat started on port(s): 8887 (http) with context path '/community'
2020-03-01 00:17:37,605 INFO [restartedMain] c.m.f.f.FinalcommunityApplication [StartupInfoLogger.java:61] Started FinalcommunityApplication in 2.788 seconds (JVM running for 4.542)
2020-03-01 00:17:44,334 INFO [http-nio-8887-exec-1] o.a.c.c.C.[.[.[/community] [DirectJDKLog.java:173] Initializing Spring DispatcherServlet 'dispatcherServlet'
2020-03-01 00:17:44,336 INFO [http-nio-8887-exec-1] o.s.w.s.DispatcherServlet [FrameworkServlet.java:525] Initializing Servlet 'dispatcherServlet'
2020-03-01 00:17:44,343 INFO [http-nio-8887-exec-1] o.s.w.s.DispatcherServlet [FrameworkServlet.java:547] Completed initialization in 6 ms
2020-03-01 00:17:44,369 INFO [http-nio-8887-exec-1] c.z.h.HikariDataSource [HikariDataSource.java:110] HikariPool-1 - Starting...
2020-03-01 00:17:44,479 INFO [http-nio-8887-exec-1] c.z.h.HikariDataSource [HikariDataSource.java:123] HikariPool-1 - Start completed.
2020-03-01 00:18:23,803 INFO [restartedMain] c.m.f.f.FinalcommunityApplication [StartupInfoLogger.java:55] Starting FinalcommunityApplication on Genshushu with PID 22276 (D:\IDEAWorkSpace\finalcommunity\target\classes started by 26862 in D:\IDEAWorkSpace\finalcommunity)
2020-03-01 00:18:23,807 INFO [restartedMain] c.m.f.f.FinalcommunityApplication [SpringApplication.java:651] No active profile set, falling back to default profiles: default
2020-03-01 00:18:23,851 INFO [restartedMain] o.s.b.d.e.DevToolsPropertyDefaultsPostProcessor [DeferredLog.java:225] Devtools property defaults active! Set 'spring.devtools.add-properties' to 'false' to disable
2020-03-01 00:18:23,851 INFO [restartedMain] o.s.b.d.e.DevToolsPropertyDefaultsPostProcessor [DeferredLog.java:225] For additional web related logging consider setting the 'logging.level.web' property to 'DEBUG'
2020-03-01 00:18:25,128 INFO [restartedMain] o.s.b.w.e.t.TomcatWebServer [TomcatWebServer.java:92] Tomcat initialized with port(s): 8887 (http)
2020-03-01 00:18:25,136 INFO [restartedMain] o.a.c.h.Http11NioProtocol [DirectJDKLog.java:173] Initializing ProtocolHandler ["http-nio-8887"]
2020-03-01 00:18:25,137 INFO [restartedMain] o.a.c.c.StandardService [DirectJDKLog.java:173] Starting service [Tomcat]
2020-03-01 00:18:25,137 INFO [restartedMain] o.a.c.c.StandardEngine [DirectJDKLog.java:173] Starting Servlet engine: [Apache Tomcat/9.0.30]
2020-03-01 00:18:25,289 INFO [restartedMain] o.a.c.c.C.[.[.[/community] [DirectJDKLog.java:173] Initializing Spring embedded WebApplicationContext
2020-03-01 00:18:25,289 INFO [restartedMain] o.s.w.c.ContextLoader [ServletWebServerApplicationContext.java:284] Root WebApplicationContext: initialization completed in 1437 ms
2020-03-01 00:18:25,691 INFO [restartedMain] o.s.s.c.ThreadPoolTaskExecutor [ExecutorConfigurationSupport.java:171] Initializing ExecutorService 'applicationTaskExecutor'
2020-03-01 00:18:25,744 INFO [restartedMain] o.s.b.a.w.s.WelcomePageHandlerMapping [WelcomePageHandlerMapping.java:58] Adding welcome page template: index
2020-03-01 00:18:25,854 INFO [restartedMain] o.s.b.d.a.OptionalLiveReloadServer [OptionalLiveReloadServer.java:58] LiveReload server is running on port 35729
2020-03-01 00:18:25,874 INFO [restartedMain] o.a.c.h.Http11NioProtocol [DirectJDKLog.java:173] Starting ProtocolHandler ["http-nio-8887"]
2020-03-01 00:18:25,892 INFO [restartedMain] o.s.b.w.e.t.TomcatWebServer [TomcatWebServer.java:204] Tomcat started on port(s): 8887 (http) with context path '/community'
2020-03-01 00:18:25,895 INFO [restartedMain] c.m.f.f.FinalcommunityApplication [StartupInfoLogger.java:61] Started FinalcommunityApplication in 2.599 seconds (JVM running for 4.07)
2020-03-01 00:18:28,726 INFO [http-nio-8887-exec-1] o.a.c.c.C.[.[.[/community] [DirectJDKLog.java:173] Initializing Spring DispatcherServlet 'dispatcherServlet'
2020-03-01 00:18:28,727 INFO [http-nio-8887-exec-1] o.s.w.s.DispatcherServlet [FrameworkServlet.java:525] Initializing Servlet 'dispatcherServlet'
2020-03-01 00:18:28,735 INFO [http-nio-8887-exec-1] o.s.w.s.DispatcherServlet [FrameworkServlet.java:547] Completed initialization in 8 ms
2020-03-01 00:18:28,760 INFO [http-nio-8887-exec-1] c.z.h.HikariDataSource [HikariDataSource.java:110] HikariPool-1 - Starting...
2020-03-01 00:18:28,858 INFO [http-nio-8887-exec-1] c.z.h.HikariDataSource [HikariDataSource.java:123] HikariPool-1 - Start completed.
2020-03-01 00:18:46,960 INFO [restartedMain] c.m.f.f.FinalcommunityApplication [StartupInfoLogger.java:55] Starting FinalcommunityApplication on Genshushu with PID 22904 (D:\IDEAWorkSpace\finalcommunity\target\classes started by 26862 in D:\IDEAWorkSpace\finalcommunity)
2020-03-01 00:18:46,968 INFO [restartedMain] c.m.f.f.FinalcommunityApplication [SpringApplication.java:651] No active profile set, falling back to default profiles: default
2020-03-01 00:18:47,054 INFO [restartedMain] o.s.b.d.e.DevToolsPropertyDefaultsPostProcessor [DeferredLog.java:225] Devtools property defaults active! Set 'spring.devtools.add-properties' to 'false' to disable
2020-03-01 00:18:47,056 INFO [restartedMain] o.s.b.d.e.DevToolsPropertyDefaultsPostProcessor [DeferredLog.java:225] For additional web related logging consider setting the 'logging.level.web' property to 'DEBUG'
2020-03-01 00:18:48,719 INFO [restartedMain] o.s.b.w.e.t.TomcatWebServer [TomcatWebServer.java:92] Tomcat initialized with port(s): 8887 (http)
2020-03-01 00:18:48,727 INFO [restartedMain] o.a.c.h.Http11NioProtocol [DirectJDKLog.java:173] Initializing ProtocolHandler ["http-nio-8887"]
2020-03-01 00:18:48,727 INFO [restartedMain] o.a.c.c.StandardService [DirectJDKLog.java:173] Starting service [Tomcat]
2020-03-01 00:18:48,728 INFO [restartedMain] o.a.c.c.StandardEngine [DirectJDKLog.java:173] Starting Servlet engine: [Apache Tomcat/9.0.30]
2020-03-01 00:18:48,901 INFO [restartedMain] o.a.c.c.C.[.[.[/community] [DirectJDKLog.java:173] Initializing Spring embedded WebApplicationContext
2020-03-01 00:18:48,902 INFO [restartedMain] o.s.w.c.ContextLoader [ServletWebServerApplicationContext.java:284] Root WebApplicationContext: initialization completed in 1845 ms
2020-03-01 00:18:49,381 INFO [restartedMain] o.s.s.c.ThreadPoolTaskExecutor [ExecutorConfigurationSupport.java:171] Initializing ExecutorService 'applicationTaskExecutor'
2020-03-01 00:18:49,448 INFO [restartedMain] o.s.b.a.w.s.WelcomePageHandlerMapping [WelcomePageHandlerMapping.java:58] Adding welcome page template: index
2020-03-01 00:18:49,599 INFO [restartedMain] o.s.b.d.a.OptionalLiveReloadServer [OptionalLiveReloadServer.java:58] LiveReload server is running on port 35729
2020-03-01 00:18:49,626 INFO [restartedMain] o.a.c.h.Http11NioProtocol [DirectJDKLog.java:173] Starting ProtocolHandler ["http-nio-8887"]
2020-03-01 00:18:49,650 INFO [restartedMain] o.s.b.w.e.t.TomcatWebServer [TomcatWebServer.java:204] Tomcat started on port(s): 8887 (http) with context path '/community'
2020-03-01 00:18:49,654 INFO [restartedMain] c.m.f.f.FinalcommunityApplication [StartupInfoLogger.java:61] Started FinalcommunityApplication in 3.235 seconds (JVM running for 4.953)
2020-03-01 00:18:54,217 INFO [http-nio-8887-exec-1] o.a.c.c.C.[.[.[/community] [DirectJDKLog.java:173] Initializing Spring DispatcherServlet 'dispatcherServlet'
2020-03-01 00:18:54,218 INFO [http-nio-8887-exec-1] o.s.w.s.DispatcherServlet [FrameworkServlet.java:525] Initializing Servlet 'dispatcherServlet'
2020-03-01 00:18:54,224 INFO [http-nio-8887-exec-1] o.s.w.s.DispatcherServlet [FrameworkServlet.java:547] Completed initialization in 5 ms
2020-03-01 00:18:54,247 INFO [http-nio-8887-exec-1] c.z.h.HikariDataSource [HikariDataSource.java:110] HikariPool-1 - Starting...
2020-03-01 00:18:54,346 INFO [http-nio-8887-exec-1] c.z.h.HikariDataSource [HikariDataSource.java:123] HikariPool-1 - Start completed.
2020-03-01 00:20:24,153 INFO [restartedMain] c.m.f.f.FinalcommunityApplication [StartupInfoLogger.java:55] Starting FinalcommunityApplication on Genshushu with PID 17444 (D:\IDEAWorkSpace\finalcommunity\target\classes started by 26862 in D:\IDEAWorkSpace\finalcommunity)
2020-03-01 00:20:24,158 INFO [restartedMain] c.m.f.f.FinalcommunityApplication [SpringApplication.java:651] No active profile set, falling back to default profiles: default
2020-03-01 00:20:24,254 INFO [restartedMain] o.s.b.d.e.DevToolsPropertyDefaultsPostProcessor [DeferredLog.java:225] Devtools property defaults active! Set 'spring.devtools.add-properties' to 'false' to disable
2020-03-01 00:20:24,255 INFO [restartedMain] o.s.b.d.e.DevToolsPropertyDefaultsPostProcessor [DeferredLog.java:225] For additional web related logging consider setting the 'logging.level.web' property to 'DEBUG'
2020-03-01 00:20:25,815 INFO [restartedMain] o.s.b.w.e.t.TomcatWebServer [TomcatWebServer.java:92] Tomcat initialized with port(s): 8887 (http)
2020-03-01 00:20:25,823 INFO [restartedMain] o.a.c.h.Http11NioProtocol [DirectJDKLog.java:173] Initializing ProtocolHandler ["http-nio-8887"]
2020-03-01 00:20:25,824 INFO [restartedMain] o.a.c.c.StandardService [DirectJDKLog.java:173] Starting service [Tomcat]
2020-03-01 00:20:25,824 INFO [restartedMain] o.a.c.c.StandardEngine [DirectJDKLog.java:173] Starting Servlet engine: [Apache Tomcat/9.0.30]
2020-03-01 00:20:25,988 INFO [restartedMain] o.a.c.c.C.[.[.[/community] [DirectJDKLog.java:173] Initializing Spring embedded WebApplicationContext
2020-03-01 00:20:25,989 INFO [restartedMain] o.s.w.c.ContextLoader [ServletWebServerApplicationContext.java:284] Root WebApplicationContext: initialization completed in 1733 ms
2020-03-01 00:20:26,413 INFO [restartedMain] o.s.s.c.ThreadPoolTaskExecutor [ExecutorConfigurationSupport.java:171] Initializing ExecutorService 'applicationTaskExecutor'
2020-03-01 00:20:26,475 INFO [restartedMain] o.s.b.a.w.s.WelcomePageHandlerMapping [WelcomePageHandlerMapping.java:58] Adding welcome page template: index
2020-03-01 00:20:26,629 INFO [restartedMain] o.s.b.d.a.OptionalLiveReloadServer [OptionalLiveReloadServer.java:58] LiveReload server is running on port 35729
2020-03-01 00:20:26,654 INFO [restartedMain] o.a.c.h.Http11NioProtocol [DirectJDKLog.java:173] Starting ProtocolHandler ["http-nio-8887"]
2020-03-01 00:20:26,674 INFO [restartedMain] o.s.b.w.e.t.TomcatWebServer [TomcatWebServer.java:204] Tomcat started on port(s): 8887 (http) with context path '/community'
2020-03-01 00:20:26,677 INFO [restartedMain] c.m.f.f.FinalcommunityApplication [StartupInfoLogger.java:61] Started FinalcommunityApplication in 3.089 seconds (JVM running for 5.142)
2020-03-01 00:20:28,577 INFO [http-nio-8887-exec-1] o.a.c.c.C.[.[.[/community] [DirectJDKLog.java:173] Initializing Spring DispatcherServlet 'dispatcherServlet'
2020-03-01 00:20:28,578 INFO [http-nio-8887-exec-1] o.s.w.s.DispatcherServlet [FrameworkServlet.java:525] Initializing Servlet 'dispatcherServlet'
2020-03-01 00:20:28,585 INFO [http-nio-8887-exec-1] o.s.w.s.DispatcherServlet [FrameworkServlet.java:547] Completed initialization in 6 ms
2020-03-01 00:20:28,614 INFO [http-nio-8887-exec-1] c.z.h.HikariDataSource [HikariDataSource.java:110] HikariPool-1 - Starting...
2020-03-01 00:20:28,710 INFO [http-nio-8887-exec-1] c.z.h.HikariDataSource [HikariDataSource.java:123] HikariPool-1 - Start completed.
2020-03-01 00:23:58,790 INFO [restartedMain] c.m.f.f.FinalcommunityApplication [StartupInfoLogger.java:55] Starting FinalcommunityApplication on Genshushu with PID 10988 (D:\IDEAWorkSpace\finalcommunity\target\classes started by 26862 in D:\IDEAWorkSpace\finalcommunity)
2020-03-01 00:23:58,794 INFO [restartedMain] c.m.f.f.FinalcommunityApplication [SpringApplication.java:651] No active profile set, falling back to default profiles: default
2020-03-01 00:23:58,847 INFO [restartedMain] o.s.b.d.e.DevToolsPropertyDefaultsPostProcessor [DeferredLog.java:225] Devtools property defaults active! Set 'spring.devtools.add-properties' to 'false' to disable
2020-03-01 00:23:58,847 INFO [restartedMain] o.s.b.d.e.DevToolsPropertyDefaultsPostProcessor [DeferredLog.java:225] For additional web related logging consider setting the 'logging.level.web' property to 'DEBUG'
2020-03-01 00:24:00,053 INFO [restartedMain] o.s.b.w.e.t.TomcatWebServer [TomcatWebServer.java:92] Tomcat initialized with port(s): 8887 (http)
2020-03-01 00:24:00,060 INFO [restartedMain] o.a.c.h.Http11NioProtocol [DirectJDKLog.java:173] Initializing ProtocolHandler ["http-nio-8887"]
2020-03-01 00:24:00,061 INFO [restartedMain] o.a.c.c.StandardService [DirectJDKLog.java:173] Starting service [Tomcat]
2020-03-01 00:24:00,061 INFO [restartedMain] o.a.c.c.StandardEngine [DirectJDKLog.java:173] Starting Servlet engine: [Apache Tomcat/9.0.30]
2020-03-01 00:24:00,215 INFO [restartedMain] o.a.c.c.C.[.[.[/community] [DirectJDKLog.java:173] Initializing Spring embedded WebApplicationContext
2020-03-01 00:24:00,215 INFO [restartedMain] o.s.w.c.ContextLoader [ServletWebServerApplicationContext.java:284] Root WebApplicationContext: initialization completed in 1367 ms
2020-03-01 00:24:00,640 INFO [restartedMain] o.s.s.c.ThreadPoolTaskExecutor [ExecutorConfigurationSupport.java:171] Initializing ExecutorService 'applicationTaskExecutor'
2020-03-01 00:24:00,696 INFO [restartedMain] o.s.b.a.w.s.WelcomePageHandlerMapping [WelcomePageHandlerMapping.java:58] Adding welcome page template: index
2020-03-01 00:24:00,806 INFO [restartedMain] o.s.b.d.a.OptionalLiveReloadServer [OptionalLiveReloadServer.java:58] LiveReload server is running on port 35729
2020-03-01 00:24:00,853 INFO [restartedMain] o.a.c.h.Http11NioProtocol [DirectJDKLog.java:173] Starting ProtocolHandler ["http-nio-8887"]
2020-03-01 00:24:00,892 INFO [restartedMain] o.s.b.w.e.t.TomcatWebServer [TomcatWebServer.java:204] Tomcat started on port(s): 8887 (http) with context path '/community'
2020-03-01 00:24:00,897 INFO [restartedMain] c.m.f.f.FinalcommunityApplication [StartupInfoLogger.java:61] Started FinalcommunityApplication in 2.618 seconds (JVM running for 4.066)
2020-03-01 00:24:04,413 INFO [http-nio-8887-exec-1] o.a.c.c.C.[.[.[/community] [DirectJDKLog.java:173] Initializing Spring DispatcherServlet 'dispatcherServlet'
2020-03-01 00:24:04,415 INFO [http-nio-8887-exec-1] o.s.w.s.DispatcherServlet [FrameworkServlet.java:525] Initializing Servlet 'dispatcherServlet'
2020-03-01 00:24:04,421 INFO [http-nio-8887-exec-1] o.s.w.s.DispatcherServlet [FrameworkServlet.java:547] Completed initialization in 5 ms
2020-03-01 00:24:04,444 INFO [http-nio-8887-exec-1] c.z.h.HikariDataSource [HikariDataSource.java:110] HikariPool-1 - Starting...
2020-03-01 00:24:04,556 INFO [http-nio-8887-exec-1] c.z.h.HikariDataSource [HikariDataSource.java:123] HikariPool-1 - Start completed.
2020-03-01 00:29:31,017 INFO [restartedMain] c.m.f.f.FinalcommunityApplication [StartupInfoLogger.java:55] Starting FinalcommunityApplication on Genshushu with PID 16988 (D:\IDEAWorkSpace\finalcommunity\target\classes started by 26862 in D:\IDEAWorkSpace\finalcommunity)
2020-03-01 00:29:31,022 INFO [restartedMain] c.m.f.f.FinalcommunityApplication [SpringApplication.java:651] No active profile set, falling back to default profiles: default
2020-03-01 00:29:31,075 INFO [restartedMain] o.s.b.d.e.DevToolsPropertyDefaultsPostProcessor [DeferredLog.java:225] Devtools property defaults active! Set 'spring.devtools.add-properties' to 'false' to disable
2020-03-01 00:29:31,076 INFO [restartedMain] o.s.b.d.e.DevToolsPropertyDefaultsPostProcessor [DeferredLog.java:225] For additional web related logging consider setting the 'logging.level.web' property to 'DEBUG'
2020-03-01 00:29:32,288 INFO [restartedMain] o.s.b.w.e.t.TomcatWebServer [TomcatWebServer.java:92] Tomcat initialized with port(s): 8887 (http)
2020-03-01 00:29:32,295 INFO [restartedMain] o.a.c.h.Http11NioProtocol [DirectJDKLog.java:173] Initializing ProtocolHandler ["http-nio-8887"]
2020-03-01 00:29:32,296 INFO [restartedMain] o.a.c.c.StandardService [DirectJDKLog.java:173] Starting service [Tomcat]
2020-03-01 00:29:32,297 INFO [restartedMain] o.a.c.c.StandardEngine [DirectJDKLog.java:173] Starting Servlet engine: [Apache Tomcat/9.0.30]
2020-03-01 00:29:32,454 INFO [restartedMain] o.a.c.c.C.[.[.[/community] [DirectJDKLog.java:173] Initializing Spring embedded WebApplicationContext
2020-03-01 00:29:32,455 INFO [restartedMain] o.s.w.c.ContextLoader [ServletWebServerApplicationContext.java:284] Root WebApplicationContext: initialization completed in 1379 ms
2020-03-01 00:29:32,856 INFO [restartedMain] o.s.s.c.ThreadPoolTaskExecutor [ExecutorConfigurationSupport.java:171] Initializing ExecutorService 'applicationTaskExecutor'
2020-03-01 00:29:32,909 INFO [restartedMain] o.s.b.a.w.s.WelcomePageHandlerMapping [WelcomePageHandlerMapping.java:58] Adding welcome page template: index
2020-03-01 00:29:33,025 INFO [restartedMain] o.s.b.d.a.OptionalLiveReloadServer [OptionalLiveReloadServer.java:58] LiveReload server is running on port 35729
2020-03-01 00:29:33,046 INFO [restartedMain] o.a.c.h.Http11NioProtocol [DirectJDKLog.java:173] Starting ProtocolHandler ["http-nio-8887"]
2020-03-01 00:29:33,064 INFO [restartedMain] o.s.b.w.e.t.TomcatWebServer [TomcatWebServer.java:204] Tomcat started on port(s): 8887 (http) with context path '/community'
2020-03-01 00:29:33,070 INFO [restartedMain] c.m.f.f.FinalcommunityApplication [StartupInfoLogger.java:61] Started FinalcommunityApplication in 2.568 seconds (JVM running for 4.104)
2020-03-01 00:29:37,034 INFO [http-nio-8887-exec-1] o.a.c.c.C.[.[.[/community] [DirectJDKLog.java:173] Initializing Spring DispatcherServlet 'dispatcherServlet'
2020-03-01 00:29:37,036 INFO [http-nio-8887-exec-1] o.s.w.s.DispatcherServlet [FrameworkServlet.java:525] Initializing Servlet 'dispatcherServlet'
2020-03-01 00:29:37,041 INFO [http-nio-8887-exec-1] o.s.w.s.DispatcherServlet [FrameworkServlet.java:547] Completed initialization in 5 ms
2020-03-01 00:29:37,066 INFO [http-nio-8887-exec-1] c.z.h.HikariDataSource [HikariDataSource.java:110] HikariPool-1 - Starting...
2020-03-01 00:29:37,162 INFO [http-nio-8887-exec-1] c.z.h.HikariDataSource [HikariDataSource.java:123] HikariPool-1 - Start completed.
2020-03-01 00:30:25,868 INFO [restartedMain] c.m.f.f.FinalcommunityApplication [StartupInfoLogger.java:55] Starting FinalcommunityApplication on Genshushu with PID 5436 (D:\IDEAWorkSpace\finalcommunity\target\classes started by 26862 in D:\IDEAWorkSpace\finalcommunity)
2020-03-01 00:30:25,873 INFO [restartedMain] c.m.f.f.FinalcommunityApplication [SpringApplication.java:651] No active profile set, falling back to default profiles: default
2020-03-01 00:30:25,920 INFO [restartedMain] o.s.b.d.e.DevToolsPropertyDefaultsPostProcessor [DeferredLog.java:225] Devtools property defaults active! Set 'spring.devtools.add-properties' to 'false' to disable
2020-03-01 00:30:25,921 INFO [restartedMain] o.s.b.d.e.DevToolsPropertyDefaultsPostProcessor [DeferredLog.java:225] For additional web related logging consider setting the 'logging.level.web' property to 'DEBUG'
2020-03-01 00:30:27,240 INFO [restartedMain] o.s.b.w.e.t.TomcatWebServer [TomcatWebServer.java:92] Tomcat initialized with port(s): 8887 (http)
2020-03-01 00:30:27,248 INFO [restartedMain] o.a.c.h.Http11NioProtocol [DirectJDKLog.java:173] Initializing ProtocolHandler ["http-nio-8887"]
2020-03-01 00:30:27,249 INFO [restartedMain] o.a.c.c.StandardService [DirectJDKLog.java:173] Starting service [Tomcat]
2020-03-01 00:30:27,249 INFO [restartedMain] o.a.c.c.StandardEngine [DirectJDKLog.java:173] Starting Servlet engine: [Apache Tomcat/9.0.30]
2020-03-01 00:30:27,419 INFO [restartedMain] o.a.c.c.C.[.[.[/community] [DirectJDKLog.java:173] Initializing Spring embedded WebApplicationContext
2020-03-01 00:30:27,419 INFO [restartedMain] o.s.w.c.ContextLoader [ServletWebServerApplicationContext.java:284] Root WebApplicationContext: initialization completed in 1498 ms
2020-03-01 00:30:27,857 INFO [restartedMain] o.s.s.c.ThreadPoolTaskExecutor [ExecutorConfigurationSupport.java:171] Initializing ExecutorService 'applicationTaskExecutor'
2020-03-01 00:30:27,942 INFO [restartedMain] o.s.b.a.w.s.WelcomePageHandlerMapping [WelcomePageHandlerMapping.java:58] Adding welcome page template: index
2020-03-01 00:30:28,067 INFO [restartedMain] o.s.b.d.a.OptionalLiveReloadServer [OptionalLiveReloadServer.java:58] LiveReload server is running on port 35729
2020-03-01 00:30:28,091 INFO [restartedMain] o.a.c.h.Http11NioProtocol [DirectJDKLog.java:173] Starting ProtocolHandler ["http-nio-8887"]
2020-03-01 00:30:28,111 INFO [restartedMain] o.s.b.w.e.t.TomcatWebServer [TomcatWebServer.java:204] Tomcat started on port(s): 8887 (http) with context path '/community'
2020-03-01 00:30:28,115 INFO [restartedMain] c.m.f.f.FinalcommunityApplication [StartupInfoLogger.java:61] Started FinalcommunityApplication in 2.783 seconds (JVM running for 4.868)
2020-03-01 00:30:28,185 INFO [http-nio-8887-exec-1] o.a.c.c.C.[.[.[/community] [DirectJDKLog.java:173] Initializing Spring DispatcherServlet 'dispatcherServlet'
2020-03-01 00:30:28,186 INFO [http-nio-8887-exec-1] o.s.w.s.DispatcherServlet [FrameworkServlet.java:525] Initializing Servlet 'dispatcherServlet'
2020-03-01 00:30:28,192 INFO [http-nio-8887-exec-1] o.s.w.s.DispatcherServlet [FrameworkServlet.java:547] Completed initialization in 5 ms
2020-03-01 00:30:28,218 INFO [http-nio-8887-exec-1] c.z.h.HikariDataSource [HikariDataSource.java:110] HikariPool-1 - Starting...
2020-03-01 00:30:28,325 INFO [http-nio-8887-exec-1] c.z.h.HikariDataSource [HikariDataSource.java:123] HikariPool-1 - Start completed.
2020-03-01 00:31:02,085 INFO [restartedMain] c.m.f.f.FinalcommunityApplication [StartupInfoLogger.java:55] Starting FinalcommunityApplication on Genshushu with PID 1484 (D:\IDEAWorkSpace\finalcommunity\target\classes started by 26862 in D:\IDEAWorkSpace\finalcommunity)
2020-03-01 00:31:02,089 INFO [restartedMain] c.m.f.f.FinalcommunityApplication [SpringApplication.java:651] No active profile set, falling back to default profiles: default
2020-03-01 00:31:02,141 INFO [restartedMain] o.s.b.d.e.DevToolsPropertyDefaultsPostProcessor [DeferredLog.java:225] Devtools property defaults active! Set 'spring.devtools.add-properties' to 'false' to disable
2020-03-01 00:31:02,142 INFO [restartedMain] o.s.b.d.e.DevToolsPropertyDefaultsPostProcessor [DeferredLog.java:225] For additional web related logging consider setting the 'logging.level.web' property to 'DEBUG'
2020-03-01 00:31:03,515 INFO [restartedMain] o.s.b.w.e.t.TomcatWebServer [TomcatWebServer.java:92] Tomcat initialized with port(s): 8887 (http)
2020-03-01 00:31:03,523 INFO [restartedMain] o.a.c.h.Http11NioProtocol [DirectJDKLog.java:173] Initializing ProtocolHandler ["http-nio-8887"]
2020-03-01 00:31:03,524 INFO [restartedMain] o.a.c.c.StandardService [DirectJDKLog.java:173] Starting service [Tomcat]
2020-03-01 00:31:03,524 INFO [restartedMain] o.a.c.c.StandardEngine [DirectJDKLog.java:173] Starting Servlet engine: [Apache Tomcat/9.0.30]
2020-03-01 00:31:03,700 INFO [restartedMain] o.a.c.c.C.[.[.[/community] [DirectJDKLog.java:173] Initializing Spring embedded WebApplicationContext
2020-03-01 00:31:03,701 INFO [restartedMain] o.s.w.c.ContextLoader [ServletWebServerApplicationContext.java:284] Root WebApplicationContext: initialization completed in 1559 ms
2020-03-01 00:31:04,125 INFO [restartedMain] o.s.s.c.ThreadPoolTaskExecutor [ExecutorConfigurationSupport.java:171] Initializing ExecutorService 'applicationTaskExecutor'
2020-03-01 00:31:04,182 INFO [restartedMain] o.s.b.a.w.s.WelcomePageHandlerMapping [WelcomePageHandlerMapping.java:58] Adding welcome page template: index
2020-03-01 00:31:04,303 INFO [restartedMain] o.s.b.d.a.OptionalLiveReloadServer [OptionalLiveReloadServer.java:58] LiveReload server is running on port 35729
2020-03-01 00:31:04,328 INFO [restartedMain] o.a.c.h.Http11NioProtocol [DirectJDKLog.java:173] Starting ProtocolHandler ["http-nio-8887"]
2020-03-01 00:31:04,347 INFO [restartedMain] o.s.b.w.e.t.TomcatWebServer [TomcatWebServer.java:204] Tomcat started on port(s): 8887 (http) with context path '/community'
2020-03-01 00:31:04,351 INFO [restartedMain] c.m.f.f.FinalcommunityApplication [StartupInfoLogger.java:61] Started FinalcommunityApplication in 2.764 seconds (JVM running for 4.367)
2020-03-01 00:31:04,551 INFO [http-nio-8887-exec-1] o.a.c.c.C.[.[.[/community] [DirectJDKLog.java:173] Initializing Spring DispatcherServlet 'dispatcherServlet'
2020-03-01 00:31:04,553 INFO [http-nio-8887-exec-1] o.s.w.s.DispatcherServlet [FrameworkServlet.java:525] Initializing Servlet 'dispatcherServlet'
2020-03-01 00:31:04,558 INFO [http-nio-8887-exec-1] o.s.w.s.DispatcherServlet [FrameworkServlet.java:547] Completed initialization in 5 ms
2020-03-01 00:31:04,588 INFO [http-nio-8887-exec-1] c.z.h.HikariDataSource [HikariDataSource.java:110] HikariPool-1 - Starting...
2020-03-01 00:31:04,715 INFO [http-nio-8887-exec-1] c.z.h.HikariDataSource [HikariDataSource.java:123] HikariPool-1 - Start completed.
