2020-03-03 02:38:08,842 ERROR [main] o.s.t.c.TestContextManager [TestContextManager.java:248] Caught exception while allowing TestExecutionListener [org.springframework.boot.test.autoconfigure.SpringBootDependencyInjectionTestExecutionListener@1a72a540] to prepare test instance [com.mz.finalcommunity.finalcommunity.ElasticsearchTests@7b4b559d]
org.springframework.beans.factory.UnsatisfiedDependencyException: Error creating bean with name 'com.mz.finalcommunity.finalcommunity.ElasticsearchTests': Unsatisfied dependency expressed through field 'elasticsearchTemplate'; nested exception is org.springframework.beans.factory.NoSuchBeanDefinitionException: No qualifying bean of type 'org.springframework.data.elasticsearch.core.ElasticsearchRestTemplate' available: expected at least 1 bean which qualifies as autowire candidate. Dependency annotations: {@org.springframework.beans.factory.annotation.Autowired(required=true)}
	at org.springframework.beans.factory.annotation.AutowiredAnnotationBeanPostProcessor$AutowiredFieldElement.inject(AutowiredAnnotationBeanPostProcessor.java:643)
	at org.springframework.beans.factory.annotation.InjectionMetadata.inject(InjectionMetadata.java:116)
	at org.springframework.beans.factory.annotation.AutowiredAnnotationBeanPostProcessor.postProcessProperties(AutowiredAnnotationBeanPostProcessor.java:399)
	at org.springframework.beans.factory.support.AbstractAutowireCapableBeanFactory.populateBean(AbstractAutowireCapableBeanFactory.java:1422)
	at org.springframework.beans.factory.support.AbstractAutowireCapableBeanFactory.autowireBeanProperties(AbstractAutowireCapableBeanFactory.java:393)
	at org.springframework.test.context.support.DependencyInjectionTestExecutionListener.injectDependencies(DependencyInjectionTestExecutionListener.java:119)
	at org.springframework.test.context.support.DependencyInjectionTestExecutionListener.prepareTestInstance(DependencyInjectionTestExecutionListener.java:83)
	at org.springframework.boot.test.autoconfigure.SpringBootDependencyInjectionTestExecutionListener.prepareTestInstance(SpringBootDependencyInjectionTestExecutionListener.java:43)
	at org.springframework.test.context.TestContextManager.prepareTestInstance(TestContextManager.java:244)
	at org.springframework.test.context.junit.jupiter.SpringExtension.postProcessTestInstance(SpringExtension.java:98)
	at org.junit.jupiter.engine.descriptor.ClassBasedTestDescriptor.lambda$invokeTestInstancePostProcessors$5(ClassBasedTestDescriptor.java:337)
	at org.junit.jupiter.engine.descriptor.ClassBasedTestDescriptor.executeAndMaskThrowable(ClassBasedTestDescriptor.java:342)
	at org.junit.jupiter.engine.descriptor.ClassBasedTestDescriptor.lambda$invokeTestInstancePostProcessors$6(ClassBasedTestDescriptor.java:337)
	at java.base/java.util.stream.ReferencePipeline$3$1.accept(ReferencePipeline.java:195)
	at java.base/java.util.stream.ReferencePipeline$2$1.accept(ReferencePipeline.java:177)
	at java.base/java.util.ArrayList$ArrayListSpliterator.forEachRemaining(ArrayList.java:1654)
	at java.base/java.util.stream.AbstractPipeline.copyInto(AbstractPipeline.java:484)
	at java.base/java.util.stream.AbstractPipeline.wrapAndCopyInto(AbstractPipeline.java:474)
	at java.base/java.util.stream.StreamSpliterators$WrappingSpliterator.forEachRemaining(StreamSpliterators.java:312)
	at java.base/java.util.stream.Streams$ConcatSpliterator.forEachRemaining(Streams.java:735)
	at java.base/java.util.stream.Streams$ConcatSpliterator.forEachRemaining(Streams.java:734)
	at java.base/java.util.stream.ReferencePipeline$Head.forEach(ReferencePipeline.java:658)
	at org.junit.jupiter.engine.descriptor.ClassBasedTestDescriptor.invokeTestInstancePostProcessors(ClassBasedTestDescriptor.java:336)
	at org.junit.jupiter.engine.descriptor.ClassBasedTestDescriptor.instantiateAndPostProcessTestInstance(ClassBasedTestDescriptor.java:259)
	at org.junit.jupiter.engine.descriptor.ClassBasedTestDescriptor.lambda$testInstancesProvider$2(ClassBasedTestDescriptor.java:252)
	at java.base/java.util.Optional.orElseGet(Optional.java:369)
	at org.junit.jupiter.engine.descriptor.ClassBasedTestDescriptor.lambda$testInstancesProvider$3(ClassBasedTestDescriptor.java:251)
	at org.junit.jupiter.engine.execution.TestInstancesProvider.getTestInstances(TestInstancesProvider.java:29)
	at org.junit.jupiter.engine.descriptor.TestMethodTestDescriptor.lambda$prepare$0(TestMethodTestDescriptor.java:106)
	at org.junit.platform.engine.support.hierarchical.ThrowableCollector.execute(ThrowableCollector.java:73)
	at org.junit.jupiter.engine.descriptor.TestMethodTestDescriptor.prepare(TestMethodTestDescriptor.java:105)
	at org.junit.jupiter.engine.descriptor.TestMethodTestDescriptor.prepare(TestMethodTestDescriptor.java:69)
	at org.junit.platform.engine.support.hierarchical.NodeTestTask.lambda$prepare$1(NodeTestTask.java:107)
	at org.junit.platform.engine.support.hierarchical.ThrowableCollector.execute(ThrowableCollector.java:73)
	at org.junit.platform.engine.support.hierarchical.NodeTestTask.prepare(NodeTestTask.java:107)
	at org.junit.platform.engine.support.hierarchical.NodeTestTask.execute(NodeTestTask.java:75)
	at java.base/java.util.ArrayList.forEach(ArrayList.java:1540)
	at org.junit.platform.engine.support.hierarchical.SameThreadHierarchicalTestExecutorService.invokeAll(SameThreadHierarchicalTestExecutorService.java:38)
	at org.junit.platform.engine.support.hierarchical.NodeTestTask.lambda$executeRecursively$5(NodeTestTask.java:139)
	at org.junit.platform.engine.support.hierarchical.ThrowableCollector.execute(ThrowableCollector.java:73)
	at org.junit.platform.engine.support.hierarchical.NodeTestTask.lambda$executeRecursively$7(NodeTestTask.java:125)
	at org.junit.platform.engine.support.hierarchical.Node.around(Node.java:135)
	at org.junit.platform.engine.support.hierarchical.NodeTestTask.lambda$executeRecursively$8(NodeTestTask.java:123)
	at org.junit.platform.engine.support.hierarchical.ThrowableCollector.execute(ThrowableCollector.java:73)
	at org.junit.platform.engine.support.hierarchical.NodeTestTask.executeRecursively(NodeTestTask.java:122)
	at org.junit.platform.engine.support.hierarchical.NodeTestTask.execute(NodeTestTask.java:80)
	at java.base/java.util.ArrayList.forEach(ArrayList.java:1540)
	at org.junit.platform.engine.support.hierarchical.SameThreadHierarchicalTestExecutorService.invokeAll(SameThreadHierarchicalTestExecutorService.java:38)
	at org.junit.platform.engine.support.hierarchical.NodeTestTask.lambda$executeRecursively$5(NodeTestTask.java:139)
	at org.junit.platform.engine.support.hierarchical.ThrowableCollector.execute(ThrowableCollector.java:73)
	at org.junit.platform.engine.support.hierarchical.NodeTestTask.lambda$executeRecursively$7(NodeTestTask.java:125)
	at org.junit.platform.engine.support.hierarchical.Node.around(Node.java:135)
	at org.junit.platform.engine.support.hierarchical.NodeTestTask.lambda$executeRecursively$8(NodeTestTask.java:123)
	at org.junit.platform.engine.support.hierarchical.ThrowableCollector.execute(ThrowableCollector.java:73)
	at org.junit.platform.engine.support.hierarchical.NodeTestTask.executeRecursively(NodeTestTask.java:122)
	at org.junit.platform.engine.support.hierarchical.NodeTestTask.execute(NodeTestTask.java:80)
	at org.junit.platform.engine.support.hierarchical.SameThreadHierarchicalTestExecutorService.submit(SameThreadHierarchicalTestExecutorService.java:32)
	at org.junit.platform.engine.support.hierarchical.HierarchicalTestExecutor.execute(HierarchicalTestExecutor.java:57)
	at org.junit.platform.engine.support.hierarchical.HierarchicalTestEngine.execute(HierarchicalTestEngine.java:51)
	at org.junit.platform.launcher.core.DefaultLauncher.execute(DefaultLauncher.java:229)
	at org.junit.platform.launcher.core.DefaultLauncher.lambda$execute$6(DefaultLauncher.java:197)
	at org.junit.platform.launcher.core.DefaultLauncher.withInterceptedStreams(DefaultLauncher.java:211)
	at org.junit.platform.launcher.core.DefaultLauncher.execute(DefaultLauncher.java:191)
	at org.junit.platform.launcher.core.DefaultLauncher.execute(DefaultLauncher.java:128)
	at com.intellij.junit5.JUnit5IdeaTestRunner.startRunnerWithArgs(JUnit5IdeaTestRunner.java:69)
	at com.intellij.rt.junit.IdeaTestRunner$Repeater.startRunnerWithArgs(IdeaTestRunner.java:33)
	at com.intellij.rt.junit.JUnitStarter.prepareStreamsAndStart(JUnitStarter.java:230)
	at com.intellij.rt.junit.JUnitStarter.main(JUnitStarter.java:58)
Caused by: org.springframework.beans.factory.NoSuchBeanDefinitionException: No qualifying bean of type 'org.springframework.data.elasticsearch.core.ElasticsearchRestTemplate' available: expected at least 1 bean which qualifies as autowire candidate. Dependency annotations: {@org.springframework.beans.factory.annotation.Autowired(required=true)}
	at org.springframework.beans.factory.support.DefaultListableBeanFactory.raiseNoMatchingBeanFound(DefaultListableBeanFactory.java:1695)
	at org.springframework.beans.factory.support.DefaultListableBeanFactory.doResolveDependency(DefaultListableBeanFactory.java:1253)
	at org.springframework.beans.factory.support.DefaultListableBeanFactory.resolveDependency(DefaultListableBeanFactory.java:1207)
	at org.springframework.beans.factory.annotation.AutowiredAnnotationBeanPostProcessor$AutowiredFieldElement.inject(AutowiredAnnotationBeanPostProcessor.java:640)
	... 67 common frames omitted
2020-03-03 02:39:02,240 ERROR [main] o.s.t.c.TestContextManager [TestContextManager.java:248] Caught exception while allowing TestExecutionListener [org.springframework.boot.test.autoconfigure.SpringBootDependencyInjectionTestExecutionListener@1a72a540] to prepare test instance [com.mz.finalcommunity.finalcommunity.ElasticsearchTests@7aff1db3]
org.springframework.beans.factory.UnsatisfiedDependencyException: Error creating bean with name 'com.mz.finalcommunity.finalcommunity.ElasticsearchTests': Unsatisfied dependency expressed through field 'elasticsearchTemplate'; nested exception is org.springframework.beans.factory.NoSuchBeanDefinitionException: No qualifying bean of type 'org.springframework.data.elasticsearch.core.ElasticsearchRestTemplate' available: expected at least 1 bean which qualifies as autowire candidate. Dependency annotations: {@org.springframework.beans.factory.annotation.Autowired(required=true)}
	at org.springframework.beans.factory.annotation.AutowiredAnnotationBeanPostProcessor$AutowiredFieldElement.inject(AutowiredAnnotationBeanPostProcessor.java:643)
	at org.springframework.beans.factory.annotation.InjectionMetadata.inject(InjectionMetadata.java:116)
	at org.springframework.beans.factory.annotation.AutowiredAnnotationBeanPostProcessor.postProcessProperties(AutowiredAnnotationBeanPostProcessor.java:399)
	at org.springframework.beans.factory.support.AbstractAutowireCapableBeanFactory.populateBean(AbstractAutowireCapableBeanFactory.java:1422)
	at org.springframework.beans.factory.support.AbstractAutowireCapableBeanFactory.autowireBeanProperties(AbstractAutowireCapableBeanFactory.java:393)
	at org.springframework.test.context.support.DependencyInjectionTestExecutionListener.injectDependencies(DependencyInjectionTestExecutionListener.java:119)
	at org.springframework.test.context.support.DependencyInjectionTestExecutionListener.prepareTestInstance(DependencyInjectionTestExecutionListener.java:83)
	at org.springframework.boot.test.autoconfigure.SpringBootDependencyInjectionTestExecutionListener.prepareTestInstance(SpringBootDependencyInjectionTestExecutionListener.java:43)
	at org.springframework.test.context.TestContextManager.prepareTestInstance(TestContextManager.java:244)
	at org.springframework.test.context.junit.jupiter.SpringExtension.postProcessTestInstance(SpringExtension.java:98)
	at org.junit.jupiter.engine.descriptor.ClassBasedTestDescriptor.lambda$invokeTestInstancePostProcessors$5(ClassBasedTestDescriptor.java:337)
	at org.junit.jupiter.engine.descriptor.ClassBasedTestDescriptor.executeAndMaskThrowable(ClassBasedTestDescriptor.java:342)
	at org.junit.jupiter.engine.descriptor.ClassBasedTestDescriptor.lambda$invokeTestInstancePostProcessors$6(ClassBasedTestDescriptor.java:337)
	at java.base/java.util.stream.ReferencePipeline$3$1.accept(ReferencePipeline.java:195)
	at java.base/java.util.stream.ReferencePipeline$2$1.accept(ReferencePipeline.java:177)
	at java.base/java.util.ArrayList$ArrayListSpliterator.forEachRemaining(ArrayList.java:1654)
	at java.base/java.util.stream.AbstractPipeline.copyInto(AbstractPipeline.java:484)
	at java.base/java.util.stream.AbstractPipeline.wrapAndCopyInto(AbstractPipeline.java:474)
	at java.base/java.util.stream.StreamSpliterators$WrappingSpliterator.forEachRemaining(StreamSpliterators.java:312)
	at java.base/java.util.stream.Streams$ConcatSpliterator.forEachRemaining(Streams.java:735)
	at java.base/java.util.stream.Streams$ConcatSpliterator.forEachRemaining(Streams.java:734)
	at java.base/java.util.stream.ReferencePipeline$Head.forEach(ReferencePipeline.java:658)
	at org.junit.jupiter.engine.descriptor.ClassBasedTestDescriptor.invokeTestInstancePostProcessors(ClassBasedTestDescriptor.java:336)
	at org.junit.jupiter.engine.descriptor.ClassBasedTestDescriptor.instantiateAndPostProcessTestInstance(ClassBasedTestDescriptor.java:259)
	at org.junit.jupiter.engine.descriptor.ClassBasedTestDescriptor.lambda$testInstancesProvider$2(ClassBasedTestDescriptor.java:252)
	at java.base/java.util.Optional.orElseGet(Optional.java:369)
	at org.junit.jupiter.engine.descriptor.ClassBasedTestDescriptor.lambda$testInstancesProvider$3(ClassBasedTestDescriptor.java:251)
	at org.junit.jupiter.engine.execution.TestInstancesProvider.getTestInstances(TestInstancesProvider.java:29)
	at org.junit.jupiter.engine.descriptor.TestMethodTestDescriptor.lambda$prepare$0(TestMethodTestDescriptor.java:106)
	at org.junit.platform.engine.support.hierarchical.ThrowableCollector.execute(ThrowableCollector.java:73)
	at org.junit.jupiter.engine.descriptor.TestMethodTestDescriptor.prepare(TestMethodTestDescriptor.java:105)
	at org.junit.jupiter.engine.descriptor.TestMethodTestDescriptor.prepare(TestMethodTestDescriptor.java:69)
	at org.junit.platform.engine.support.hierarchical.NodeTestTask.lambda$prepare$1(NodeTestTask.java:107)
	at org.junit.platform.engine.support.hierarchical.ThrowableCollector.execute(ThrowableCollector.java:73)
	at org.junit.platform.engine.support.hierarchical.NodeTestTask.prepare(NodeTestTask.java:107)
	at org.junit.platform.engine.support.hierarchical.NodeTestTask.execute(NodeTestTask.java:75)
	at java.base/java.util.ArrayList.forEach(ArrayList.java:1540)
	at org.junit.platform.engine.support.hierarchical.SameThreadHierarchicalTestExecutorService.invokeAll(SameThreadHierarchicalTestExecutorService.java:38)
	at org.junit.platform.engine.support.hierarchical.NodeTestTask.lambda$executeRecursively$5(NodeTestTask.java:139)
	at org.junit.platform.engine.support.hierarchical.ThrowableCollector.execute(ThrowableCollector.java:73)
	at org.junit.platform.engine.support.hierarchical.NodeTestTask.lambda$executeRecursively$7(NodeTestTask.java:125)
	at org.junit.platform.engine.support.hierarchical.Node.around(Node.java:135)
	at org.junit.platform.engine.support.hierarchical.NodeTestTask.lambda$executeRecursively$8(NodeTestTask.java:123)
	at org.junit.platform.engine.support.hierarchical.ThrowableCollector.execute(ThrowableCollector.java:73)
	at org.junit.platform.engine.support.hierarchical.NodeTestTask.executeRecursively(NodeTestTask.java:122)
	at org.junit.platform.engine.support.hierarchical.NodeTestTask.execute(NodeTestTask.java:80)
	at java.base/java.util.ArrayList.forEach(ArrayList.java:1540)
	at org.junit.platform.engine.support.hierarchical.SameThreadHierarchicalTestExecutorService.invokeAll(SameThreadHierarchicalTestExecutorService.java:38)
	at org.junit.platform.engine.support.hierarchical.NodeTestTask.lambda$executeRecursively$5(NodeTestTask.java:139)
	at org.junit.platform.engine.support.hierarchical.ThrowableCollector.execute(ThrowableCollector.java:73)
	at org.junit.platform.engine.support.hierarchical.NodeTestTask.lambda$executeRecursively$7(NodeTestTask.java:125)
	at org.junit.platform.engine.support.hierarchical.Node.around(Node.java:135)
	at org.junit.platform.engine.support.hierarchical.NodeTestTask.lambda$executeRecursively$8(NodeTestTask.java:123)
	at org.junit.platform.engine.support.hierarchical.ThrowableCollector.execute(ThrowableCollector.java:73)
	at org.junit.platform.engine.support.hierarchical.NodeTestTask.executeRecursively(NodeTestTask.java:122)
	at org.junit.platform.engine.support.hierarchical.NodeTestTask.execute(NodeTestTask.java:80)
	at org.junit.platform.engine.support.hierarchical.SameThreadHierarchicalTestExecutorService.submit(SameThreadHierarchicalTestExecutorService.java:32)
	at org.junit.platform.engine.support.hierarchical.HierarchicalTestExecutor.execute(HierarchicalTestExecutor.java:57)
	at org.junit.platform.engine.support.hierarchical.HierarchicalTestEngine.execute(HierarchicalTestEngine.java:51)
	at org.junit.platform.launcher.core.DefaultLauncher.execute(DefaultLauncher.java:229)
	at org.junit.platform.launcher.core.DefaultLauncher.lambda$execute$6(DefaultLauncher.java:197)
	at org.junit.platform.launcher.core.DefaultLauncher.withInterceptedStreams(DefaultLauncher.java:211)
	at org.junit.platform.launcher.core.DefaultLauncher.execute(DefaultLauncher.java:191)
	at org.junit.platform.launcher.core.DefaultLauncher.execute(DefaultLauncher.java:128)
	at com.intellij.junit5.JUnit5IdeaTestRunner.startRunnerWithArgs(JUnit5IdeaTestRunner.java:69)
	at com.intellij.rt.junit.IdeaTestRunner$Repeater.startRunnerWithArgs(IdeaTestRunner.java:33)
	at com.intellij.rt.junit.JUnitStarter.prepareStreamsAndStart(JUnitStarter.java:230)
	at com.intellij.rt.junit.JUnitStarter.main(JUnitStarter.java:58)
Caused by: org.springframework.beans.factory.NoSuchBeanDefinitionException: No qualifying bean of type 'org.springframework.data.elasticsearch.core.ElasticsearchRestTemplate' available: expected at least 1 bean which qualifies as autowire candidate. Dependency annotations: {@org.springframework.beans.factory.annotation.Autowired(required=true)}
	at org.springframework.beans.factory.support.DefaultListableBeanFactory.raiseNoMatchingBeanFound(DefaultListableBeanFactory.java:1695)
	at org.springframework.beans.factory.support.DefaultListableBeanFactory.doResolveDependency(DefaultListableBeanFactory.java:1253)
	at org.springframework.beans.factory.support.DefaultListableBeanFactory.resolveDependency(DefaultListableBeanFactory.java:1207)
	at org.springframework.beans.factory.annotation.AutowiredAnnotationBeanPostProcessor$AutowiredFieldElement.inject(AutowiredAnnotationBeanPostProcessor.java:640)
	... 67 common frames omitted
2020-03-03 03:32:24,793 ERROR [http-nio-8887-exec-8] c.m.f.f.c.a.ExceptionAdvice [ExceptionAdvice.java:22] Server exception: [multi_match] requires query value
2020-03-03 03:32:24,794 ERROR [http-nio-8887-exec-8] c.m.f.f.c.a.ExceptionAdvice [ExceptionAdvice.java:24] org.elasticsearch.index.query.MultiMatchQueryBuilder.<init>(MultiMatchQueryBuilder.java:195)
2020-03-03 03:32:24,794 ERROR [http-nio-8887-exec-8] c.m.f.f.c.a.ExceptionAdvice [ExceptionAdvice.java:24] org.elasticsearch.index.query.QueryBuilders.multiMatchQuery(QueryBuilders.java:79)
2020-03-03 03:32:24,794 ERROR [http-nio-8887-exec-8] c.m.f.f.c.a.ExceptionAdvice [ExceptionAdvice.java:24] com.mz.finalcommunity.finalcommunity.service.ElasticsearchService.searchDiscussPost(ElasticsearchService.java:47)
2020-03-03 03:32:24,794 ERROR [http-nio-8887-exec-8] c.m.f.f.c.a.ExceptionAdvice [ExceptionAdvice.java:24] com.mz.finalcommunity.finalcommunity.service.ElasticsearchService$$FastClassBySpringCGLIB$$800c28c5.invoke(<generated>)
2020-03-03 03:32:24,795 ERROR [http-nio-8887-exec-8] c.m.f.f.c.a.ExceptionAdvice [ExceptionAdvice.java:24] org.springframework.cglib.proxy.MethodProxy.invoke(MethodProxy.java:218)
2020-03-03 03:32:24,795 ERROR [http-nio-8887-exec-8] c.m.f.f.c.a.ExceptionAdvice [ExceptionAdvice.java:24] org.springframework.aop.framework.CglibAopProxy$CglibMethodInvocation.invokeJoinpoint(CglibAopProxy.java:769)
2020-03-03 03:32:24,795 ERROR [http-nio-8887-exec-8] c.m.f.f.c.a.ExceptionAdvice [ExceptionAdvice.java:24] org.springframework.aop.framework.ReflectiveMethodInvocation.proceed(ReflectiveMethodInvocation.java:163)
2020-03-03 03:32:24,795 ERROR [http-nio-8887-exec-8] c.m.f.f.c.a.ExceptionAdvice [ExceptionAdvice.java:24] org.springframework.aop.framework.CglibAopProxy$CglibMethodInvocation.proceed(CglibAopProxy.java:747)
2020-03-03 03:32:24,795 ERROR [http-nio-8887-exec-8] c.m.f.f.c.a.ExceptionAdvice [ExceptionAdvice.java:24] org.springframework.aop.framework.adapter.MethodBeforeAdviceInterceptor.invoke(MethodBeforeAdviceInterceptor.java:56)
2020-03-03 03:32:24,796 ERROR [http-nio-8887-exec-8] c.m.f.f.c.a.ExceptionAdvice [ExceptionAdvice.java:24] org.springframework.aop.framework.ReflectiveMethodInvocation.proceed(ReflectiveMethodInvocation.java:186)
2020-03-03 03:32:24,796 ERROR [http-nio-8887-exec-8] c.m.f.f.c.a.ExceptionAdvice [ExceptionAdvice.java:24] org.springframework.aop.framework.CglibAopProxy$CglibMethodInvocation.proceed(CglibAopProxy.java:747)
2020-03-03 03:32:24,796 ERROR [http-nio-8887-exec-8] c.m.f.f.c.a.ExceptionAdvice [ExceptionAdvice.java:24] org.springframework.aop.interceptor.ExposeInvocationInterceptor.invoke(ExposeInvocationInterceptor.java:95)
2020-03-03 03:32:24,796 ERROR [http-nio-8887-exec-8] c.m.f.f.c.a.ExceptionAdvice [ExceptionAdvice.java:24] org.springframework.aop.framework.ReflectiveMethodInvocation.proceed(ReflectiveMethodInvocation.java:186)
2020-03-03 03:32:24,796 ERROR [http-nio-8887-exec-8] c.m.f.f.c.a.ExceptionAdvice [ExceptionAdvice.java:24] org.springframework.aop.framework.CglibAopProxy$CglibMethodInvocation.proceed(CglibAopProxy.java:747)
2020-03-03 03:32:24,797 ERROR [http-nio-8887-exec-8] c.m.f.f.c.a.ExceptionAdvice [ExceptionAdvice.java:24] org.springframework.aop.framework.CglibAopProxy$DynamicAdvisedInterceptor.intercept(CglibAopProxy.java:689)
2020-03-03 03:32:24,797 ERROR [http-nio-8887-exec-8] c.m.f.f.c.a.ExceptionAdvice [ExceptionAdvice.java:24] com.mz.finalcommunity.finalcommunity.service.ElasticsearchService$$EnhancerBySpringCGLIB$$1ee1a754.searchDiscussPost(<generated>)
2020-03-03 03:32:24,797 ERROR [http-nio-8887-exec-8] c.m.f.f.c.a.ExceptionAdvice [ExceptionAdvice.java:24] com.mz.finalcommunity.finalcommunity.controller.SearchController.search(SearchController.java:35)
2020-03-03 03:32:24,797 ERROR [http-nio-8887-exec-8] c.m.f.f.c.a.ExceptionAdvice [ExceptionAdvice.java:24] java.base/jdk.internal.reflect.NativeMethodAccessorImpl.invoke0(Native Method)
2020-03-03 03:32:24,797 ERROR [http-nio-8887-exec-8] c.m.f.f.c.a.ExceptionAdvice [ExceptionAdvice.java:24] java.base/jdk.internal.reflect.NativeMethodAccessorImpl.invoke(NativeMethodAccessorImpl.java:62)
2020-03-03 03:32:24,797 ERROR [http-nio-8887-exec-8] c.m.f.f.c.a.ExceptionAdvice [ExceptionAdvice.java:24] java.base/jdk.internal.reflect.DelegatingMethodAccessorImpl.invoke(DelegatingMethodAccessorImpl.java:43)
2020-03-03 03:32:24,798 ERROR [http-nio-8887-exec-8] c.m.f.f.c.a.ExceptionAdvice [ExceptionAdvice.java:24] java.base/java.lang.reflect.Method.invoke(Method.java:567)
2020-03-03 03:32:24,798 ERROR [http-nio-8887-exec-8] c.m.f.f.c.a.ExceptionAdvice [ExceptionAdvice.java:24] org.springframework.web.method.support.InvocableHandlerMethod.doInvoke(InvocableHandlerMethod.java:190)
2020-03-03 03:32:24,798 ERROR [http-nio-8887-exec-8] c.m.f.f.c.a.ExceptionAdvice [ExceptionAdvice.java:24] org.springframework.web.method.support.InvocableHandlerMethod.invokeForRequest(InvocableHandlerMethod.java:138)
2020-03-03 03:32:24,798 ERROR [http-nio-8887-exec-8] c.m.f.f.c.a.ExceptionAdvice [ExceptionAdvice.java:24] org.springframework.web.servlet.mvc.method.annotation.ServletInvocableHandlerMethod.invokeAndHandle(ServletInvocableHandlerMethod.java:106)
2020-03-03 03:32:24,798 ERROR [http-nio-8887-exec-8] c.m.f.f.c.a.ExceptionAdvice [ExceptionAdvice.java:24] org.springframework.web.servlet.mvc.method.annotation.RequestMappingHandlerAdapter.invokeHandlerMethod(RequestMappingHandlerAdapter.java:888)
2020-03-03 03:32:24,798 ERROR [http-nio-8887-exec-8] c.m.f.f.c.a.ExceptionAdvice [ExceptionAdvice.java:24] org.springframework.web.servlet.mvc.method.annotation.RequestMappingHandlerAdapter.handleInternal(RequestMappingHandlerAdapter.java:793)
2020-03-03 03:32:24,799 ERROR [http-nio-8887-exec-8] c.m.f.f.c.a.ExceptionAdvice [ExceptionAdvice.java:24] org.springframework.web.servlet.mvc.method.AbstractHandlerMethodAdapter.handle(AbstractHandlerMethodAdapter.java:87)
2020-03-03 03:32:24,799 ERROR [http-nio-8887-exec-8] c.m.f.f.c.a.ExceptionAdvice [ExceptionAdvice.java:24] org.springframework.web.servlet.DispatcherServlet.doDispatch(DispatcherServlet.java:1040)
2020-03-03 03:32:24,799 ERROR [http-nio-8887-exec-8] c.m.f.f.c.a.ExceptionAdvice [ExceptionAdvice.java:24] org.springframework.web.servlet.DispatcherServlet.doService(DispatcherServlet.java:943)
2020-03-03 03:32:24,799 ERROR [http-nio-8887-exec-8] c.m.f.f.c.a.ExceptionAdvice [ExceptionAdvice.java:24] org.springframework.web.servlet.FrameworkServlet.processRequest(FrameworkServlet.java:1006)
2020-03-03 03:32:24,799 ERROR [http-nio-8887-exec-8] c.m.f.f.c.a.ExceptionAdvice [ExceptionAdvice.java:24] org.springframework.web.servlet.FrameworkServlet.doGet(FrameworkServlet.java:898)
2020-03-03 03:32:24,799 ERROR [http-nio-8887-exec-8] c.m.f.f.c.a.ExceptionAdvice [ExceptionAdvice.java:24] javax.servlet.http.HttpServlet.service(HttpServlet.java:634)
2020-03-03 03:32:24,800 ERROR [http-nio-8887-exec-8] c.m.f.f.c.a.ExceptionAdvice [ExceptionAdvice.java:24] org.springframework.web.servlet.FrameworkServlet.service(FrameworkServlet.java:883)
2020-03-03 03:32:24,800 ERROR [http-nio-8887-exec-8] c.m.f.f.c.a.ExceptionAdvice [ExceptionAdvice.java:24] javax.servlet.http.HttpServlet.service(HttpServlet.java:741)
2020-03-03 03:32:24,800 ERROR [http-nio-8887-exec-8] c.m.f.f.c.a.ExceptionAdvice [ExceptionAdvice.java:24] org.apache.catalina.core.ApplicationFilterChain.internalDoFilter(ApplicationFilterChain.java:231)
2020-03-03 03:32:24,800 ERROR [http-nio-8887-exec-8] c.m.f.f.c.a.ExceptionAdvice [ExceptionAdvice.java:24] org.apache.catalina.core.ApplicationFilterChain.doFilter(ApplicationFilterChain.java:166)
2020-03-03 03:32:24,800 ERROR [http-nio-8887-exec-8] c.m.f.f.c.a.ExceptionAdvice [ExceptionAdvice.java:24] org.apache.tomcat.websocket.server.WsFilter.doFilter(WsFilter.java:53)
2020-03-03 03:32:24,801 ERROR [http-nio-8887-exec-8] c.m.f.f.c.a.ExceptionAdvice [ExceptionAdvice.java:24] org.apache.catalina.core.ApplicationFilterChain.internalDoFilter(ApplicationFilterChain.java:193)
2020-03-03 03:32:24,801 ERROR [http-nio-8887-exec-8] c.m.f.f.c.a.ExceptionAdvice [ExceptionAdvice.java:24] org.apache.catalina.core.ApplicationFilterChain.doFilter(ApplicationFilterChain.java:166)
2020-03-03 03:32:24,801 ERROR [http-nio-8887-exec-8] c.m.f.f.c.a.ExceptionAdvice [ExceptionAdvice.java:24] org.springframework.web.filter.RequestContextFilter.doFilterInternal(RequestContextFilter.java:100)
2020-03-03 03:32:24,801 ERROR [http-nio-8887-exec-8] c.m.f.f.c.a.ExceptionAdvice [ExceptionAdvice.java:24] org.springframework.web.filter.OncePerRequestFilter.doFilter(OncePerRequestFilter.java:119)
2020-03-03 03:32:24,801 ERROR [http-nio-8887-exec-8] c.m.f.f.c.a.ExceptionAdvice [ExceptionAdvice.java:24] org.apache.catalina.core.ApplicationFilterChain.internalDoFilter(ApplicationFilterChain.java:193)
2020-03-03 03:32:24,801 ERROR [http-nio-8887-exec-8] c.m.f.f.c.a.ExceptionAdvice [ExceptionAdvice.java:24] org.apache.catalina.core.ApplicationFilterChain.doFilter(ApplicationFilterChain.java:166)
2020-03-03 03:32:24,801 ERROR [http-nio-8887-exec-8] c.m.f.f.c.a.ExceptionAdvice [ExceptionAdvice.java:24] org.springframework.web.filter.FormContentFilter.doFilterInternal(FormContentFilter.java:93)
2020-03-03 03:32:24,802 ERROR [http-nio-8887-exec-8] c.m.f.f.c.a.ExceptionAdvice [ExceptionAdvice.java:24] org.springframework.web.filter.OncePerRequestFilter.doFilter(OncePerRequestFilter.java:119)
2020-03-03 03:32:24,802 ERROR [http-nio-8887-exec-8] c.m.f.f.c.a.ExceptionAdvice [ExceptionAdvice.java:24] org.apache.catalina.core.ApplicationFilterChain.internalDoFilter(ApplicationFilterChain.java:193)
2020-03-03 03:32:24,803 ERROR [http-nio-8887-exec-8] c.m.f.f.c.a.ExceptionAdvice [ExceptionAdvice.java:24] org.apache.catalina.core.ApplicationFilterChain.doFilter(ApplicationFilterChain.java:166)
2020-03-03 03:32:24,803 ERROR [http-nio-8887-exec-8] c.m.f.f.c.a.ExceptionAdvice [ExceptionAdvice.java:24] org.springframework.web.filter.CharacterEncodingFilter.doFilterInternal(CharacterEncodingFilter.java:201)
2020-03-03 03:32:24,804 ERROR [http-nio-8887-exec-8] c.m.f.f.c.a.ExceptionAdvice [ExceptionAdvice.java:24] org.springframework.web.filter.OncePerRequestFilter.doFilter(OncePerRequestFilter.java:119)
2020-03-03 03:32:24,804 ERROR [http-nio-8887-exec-8] c.m.f.f.c.a.ExceptionAdvice [ExceptionAdvice.java:24] org.apache.catalina.core.ApplicationFilterChain.internalDoFilter(ApplicationFilterChain.java:193)
2020-03-03 03:32:24,804 ERROR [http-nio-8887-exec-8] c.m.f.f.c.a.ExceptionAdvice [ExceptionAdvice.java:24] org.apache.catalina.core.ApplicationFilterChain.doFilter(ApplicationFilterChain.java:166)
2020-03-03 03:32:24,804 ERROR [http-nio-8887-exec-8] c.m.f.f.c.a.ExceptionAdvice [ExceptionAdvice.java:24] org.apache.catalina.core.StandardWrapperValve.invoke(StandardWrapperValve.java:202)
2020-03-03 03:32:24,805 ERROR [http-nio-8887-exec-8] c.m.f.f.c.a.ExceptionAdvice [ExceptionAdvice.java:24] org.apache.catalina.core.StandardContextValve.invoke(StandardContextValve.java:96)
2020-03-03 03:32:24,805 ERROR [http-nio-8887-exec-8] c.m.f.f.c.a.ExceptionAdvice [ExceptionAdvice.java:24] org.apache.catalina.authenticator.AuthenticatorBase.invoke(AuthenticatorBase.java:541)
2020-03-03 03:32:24,805 ERROR [http-nio-8887-exec-8] c.m.f.f.c.a.ExceptionAdvice [ExceptionAdvice.java:24] org.apache.catalina.core.StandardHostValve.invoke(StandardHostValve.java:139)
2020-03-03 03:32:24,805 ERROR [http-nio-8887-exec-8] c.m.f.f.c.a.ExceptionAdvice [ExceptionAdvice.java:24] org.apache.catalina.valves.ErrorReportValve.invoke(ErrorReportValve.java:92)
2020-03-03 03:32:24,805 ERROR [http-nio-8887-exec-8] c.m.f.f.c.a.ExceptionAdvice [ExceptionAdvice.java:24] org.apache.catalina.core.StandardEngineValve.invoke(StandardEngineValve.java:74)
2020-03-03 03:32:24,805 ERROR [http-nio-8887-exec-8] c.m.f.f.c.a.ExceptionAdvice [ExceptionAdvice.java:24] org.apache.catalina.connector.CoyoteAdapter.service(CoyoteAdapter.java:343)
2020-03-03 03:32:24,806 ERROR [http-nio-8887-exec-8] c.m.f.f.c.a.ExceptionAdvice [ExceptionAdvice.java:24] org.apache.coyote.http11.Http11Processor.service(Http11Processor.java:367)
2020-03-03 03:32:24,806 ERROR [http-nio-8887-exec-8] c.m.f.f.c.a.ExceptionAdvice [ExceptionAdvice.java:24] org.apache.coyote.AbstractProcessorLight.process(AbstractProcessorLight.java:65)
2020-03-03 03:32:24,806 ERROR [http-nio-8887-exec-8] c.m.f.f.c.a.ExceptionAdvice [ExceptionAdvice.java:24] org.apache.coyote.AbstractProtocol$ConnectionHandler.process(AbstractProtocol.java:860)
2020-03-03 03:32:24,806 ERROR [http-nio-8887-exec-8] c.m.f.f.c.a.ExceptionAdvice [ExceptionAdvice.java:24] org.apache.tomcat.util.net.NioEndpoint$SocketProcessor.doRun(NioEndpoint.java:1598)
2020-03-03 03:32:24,806 ERROR [http-nio-8887-exec-8] c.m.f.f.c.a.ExceptionAdvice [ExceptionAdvice.java:24] org.apache.tomcat.util.net.SocketProcessorBase.run(SocketProcessorBase.java:49)
2020-03-03 03:32:24,806 ERROR [http-nio-8887-exec-8] c.m.f.f.c.a.ExceptionAdvice [ExceptionAdvice.java:24] java.base/java.util.concurrent.ThreadPoolExecutor.runWorker(ThreadPoolExecutor.java:1128)
2020-03-03 03:32:24,807 ERROR [http-nio-8887-exec-8] c.m.f.f.c.a.ExceptionAdvice [ExceptionAdvice.java:24] java.base/java.util.concurrent.ThreadPoolExecutor$Worker.run(ThreadPoolExecutor.java:628)
2020-03-03 03:32:24,807 ERROR [http-nio-8887-exec-8] c.m.f.f.c.a.ExceptionAdvice [ExceptionAdvice.java:24] org.apache.tomcat.util.threads.TaskThread$WrappingRunnable.run(TaskThread.java:61)
2020-03-03 03:32:24,807 ERROR [http-nio-8887-exec-8] c.m.f.f.c.a.ExceptionAdvice [ExceptionAdvice.java:24] java.base/java.lang.Thread.run(Thread.java:835)
2020-03-03 03:33:27,741 ERROR [http-nio-8887-exec-5] c.m.f.f.c.a.ExceptionAdvice [ExceptionAdvice.java:22] Server exception: [multi_match] requires query value
2020-03-03 03:33:27,742 ERROR [http-nio-8887-exec-5] c.m.f.f.c.a.ExceptionAdvice [ExceptionAdvice.java:24] org.elasticsearch.index.query.MultiMatchQueryBuilder.<init>(MultiMatchQueryBuilder.java:195)
2020-03-03 03:33:27,742 ERROR [http-nio-8887-exec-5] c.m.f.f.c.a.ExceptionAdvice [ExceptionAdvice.java:24] org.elasticsearch.index.query.QueryBuilders.multiMatchQuery(QueryBuilders.java:79)
2020-03-03 03:33:27,742 ERROR [http-nio-8887-exec-5] c.m.f.f.c.a.ExceptionAdvice [ExceptionAdvice.java:24] com.mz.finalcommunity.finalcommunity.service.ElasticsearchService.searchDiscussPost(ElasticsearchService.java:47)
2020-03-03 03:33:27,742 ERROR [http-nio-8887-exec-5] c.m.f.f.c.a.ExceptionAdvice [ExceptionAdvice.java:24] com.mz.finalcommunity.finalcommunity.service.ElasticsearchService$$FastClassBySpringCGLIB$$800c28c5.invoke(<generated>)
2020-03-03 03:33:27,743 ERROR [http-nio-8887-exec-5] c.m.f.f.c.a.ExceptionAdvice [ExceptionAdvice.java:24] org.springframework.cglib.proxy.MethodProxy.invoke(MethodProxy.java:218)
2020-03-03 03:33:27,743 ERROR [http-nio-8887-exec-5] c.m.f.f.c.a.ExceptionAdvice [ExceptionAdvice.java:24] org.springframework.aop.framework.CglibAopProxy$CglibMethodInvocation.invokeJoinpoint(CglibAopProxy.java:769)
2020-03-03 03:33:27,743 ERROR [http-nio-8887-exec-5] c.m.f.f.c.a.ExceptionAdvice [ExceptionAdvice.java:24] org.springframework.aop.framework.ReflectiveMethodInvocation.proceed(ReflectiveMethodInvocation.java:163)
2020-03-03 03:33:27,743 ERROR [http-nio-8887-exec-5] c.m.f.f.c.a.ExceptionAdvice [ExceptionAdvice.java:24] org.springframework.aop.framework.CglibAopProxy$CglibMethodInvocation.proceed(CglibAopProxy.java:747)
2020-03-03 03:33:27,743 ERROR [http-nio-8887-exec-5] c.m.f.f.c.a.ExceptionAdvice [ExceptionAdvice.java:24] org.springframework.aop.framework.adapter.MethodBeforeAdviceInterceptor.invoke(MethodBeforeAdviceInterceptor.java:56)
2020-03-03 03:33:27,743 ERROR [http-nio-8887-exec-5] c.m.f.f.c.a.ExceptionAdvice [ExceptionAdvice.java:24] org.springframework.aop.framework.ReflectiveMethodInvocation.proceed(ReflectiveMethodInvocation.java:186)
2020-03-03 03:33:27,743 ERROR [http-nio-8887-exec-5] c.m.f.f.c.a.ExceptionAdvice [ExceptionAdvice.java:24] org.springframework.aop.framework.CglibAopProxy$CglibMethodInvocation.proceed(CglibAopProxy.java:747)
2020-03-03 03:33:27,744 ERROR [http-nio-8887-exec-5] c.m.f.f.c.a.ExceptionAdvice [ExceptionAdvice.java:24] org.springframework.aop.interceptor.ExposeInvocationInterceptor.invoke(ExposeInvocationInterceptor.java:95)
2020-03-03 03:33:27,744 ERROR [http-nio-8887-exec-5] c.m.f.f.c.a.ExceptionAdvice [ExceptionAdvice.java:24] org.springframework.aop.framework.ReflectiveMethodInvocation.proceed(ReflectiveMethodInvocation.java:186)
2020-03-03 03:33:27,744 ERROR [http-nio-8887-exec-5] c.m.f.f.c.a.ExceptionAdvice [ExceptionAdvice.java:24] org.springframework.aop.framework.CglibAopProxy$CglibMethodInvocation.proceed(CglibAopProxy.java:747)
2020-03-03 03:33:27,744 ERROR [http-nio-8887-exec-5] c.m.f.f.c.a.ExceptionAdvice [ExceptionAdvice.java:24] org.springframework.aop.framework.CglibAopProxy$DynamicAdvisedInterceptor.intercept(CglibAopProxy.java:689)
2020-03-03 03:33:27,744 ERROR [http-nio-8887-exec-5] c.m.f.f.c.a.ExceptionAdvice [ExceptionAdvice.java:24] com.mz.finalcommunity.finalcommunity.service.ElasticsearchService$$EnhancerBySpringCGLIB$$1ee1a754.searchDiscussPost(<generated>)
2020-03-03 03:33:27,744 ERROR [http-nio-8887-exec-5] c.m.f.f.c.a.ExceptionAdvice [ExceptionAdvice.java:24] com.mz.finalcommunity.finalcommunity.controller.SearchController.search(SearchController.java:35)
2020-03-03 03:33:27,744 ERROR [http-nio-8887-exec-5] c.m.f.f.c.a.ExceptionAdvice [ExceptionAdvice.java:24] java.base/jdk.internal.reflect.NativeMethodAccessorImpl.invoke0(Native Method)
2020-03-03 03:33:27,745 ERROR [http-nio-8887-exec-5] c.m.f.f.c.a.ExceptionAdvice [ExceptionAdvice.java:24] java.base/jdk.internal.reflect.NativeMethodAccessorImpl.invoke(NativeMethodAccessorImpl.java:62)
2020-03-03 03:33:27,745 ERROR [http-nio-8887-exec-5] c.m.f.f.c.a.ExceptionAdvice [ExceptionAdvice.java:24] java.base/jdk.internal.reflect.DelegatingMethodAccessorImpl.invoke(DelegatingMethodAccessorImpl.java:43)
2020-03-03 03:33:27,745 ERROR [http-nio-8887-exec-5] c.m.f.f.c.a.ExceptionAdvice [ExceptionAdvice.java:24] java.base/java.lang.reflect.Method.invoke(Method.java:567)
2020-03-03 03:33:27,745 ERROR [http-nio-8887-exec-5] c.m.f.f.c.a.ExceptionAdvice [ExceptionAdvice.java:24] org.springframework.web.method.support.InvocableHandlerMethod.doInvoke(InvocableHandlerMethod.java:190)
2020-03-03 03:33:27,745 ERROR [http-nio-8887-exec-5] c.m.f.f.c.a.ExceptionAdvice [ExceptionAdvice.java:24] org.springframework.web.method.support.InvocableHandlerMethod.invokeForRequest(InvocableHandlerMethod.java:138)
2020-03-03 03:33:27,745 ERROR [http-nio-8887-exec-5] c.m.f.f.c.a.ExceptionAdvice [ExceptionAdvice.java:24] org.springframework.web.servlet.mvc.method.annotation.ServletInvocableHandlerMethod.invokeAndHandle(ServletInvocableHandlerMethod.java:106)
2020-03-03 03:33:27,746 ERROR [http-nio-8887-exec-5] c.m.f.f.c.a.ExceptionAdvice [ExceptionAdvice.java:24] org.springframework.web.servlet.mvc.method.annotation.RequestMappingHandlerAdapter.invokeHandlerMethod(RequestMappingHandlerAdapter.java:888)
2020-03-03 03:33:27,746 ERROR [http-nio-8887-exec-5] c.m.f.f.c.a.ExceptionAdvice [ExceptionAdvice.java:24] org.springframework.web.servlet.mvc.method.annotation.RequestMappingHandlerAdapter.handleInternal(RequestMappingHandlerAdapter.java:793)
2020-03-03 03:33:27,746 ERROR [http-nio-8887-exec-5] c.m.f.f.c.a.ExceptionAdvice [ExceptionAdvice.java:24] org.springframework.web.servlet.mvc.method.AbstractHandlerMethodAdapter.handle(AbstractHandlerMethodAdapter.java:87)
2020-03-03 03:33:27,746 ERROR [http-nio-8887-exec-5] c.m.f.f.c.a.ExceptionAdvice [ExceptionAdvice.java:24] org.springframework.web.servlet.DispatcherServlet.doDispatch(DispatcherServlet.java:1040)
2020-03-03 03:33:27,746 ERROR [http-nio-8887-exec-5] c.m.f.f.c.a.ExceptionAdvice [ExceptionAdvice.java:24] org.springframework.web.servlet.DispatcherServlet.doService(DispatcherServlet.java:943)
2020-03-03 03:33:27,746 ERROR [http-nio-8887-exec-5] c.m.f.f.c.a.ExceptionAdvice [ExceptionAdvice.java:24] org.springframework.web.servlet.FrameworkServlet.processRequest(FrameworkServlet.java:1006)
2020-03-03 03:33:27,746 ERROR [http-nio-8887-exec-5] c.m.f.f.c.a.ExceptionAdvice [ExceptionAdvice.java:24] org.springframework.web.servlet.FrameworkServlet.doGet(FrameworkServlet.java:898)
2020-03-03 03:33:27,747 ERROR [http-nio-8887-exec-5] c.m.f.f.c.a.ExceptionAdvice [ExceptionAdvice.java:24] javax.servlet.http.HttpServlet.service(HttpServlet.java:634)
2020-03-03 03:33:27,747 ERROR [http-nio-8887-exec-5] c.m.f.f.c.a.ExceptionAdvice [ExceptionAdvice.java:24] org.springframework.web.servlet.FrameworkServlet.service(FrameworkServlet.java:883)
2020-03-03 03:33:27,748 ERROR [http-nio-8887-exec-5] c.m.f.f.c.a.ExceptionAdvice [ExceptionAdvice.java:24] javax.servlet.http.HttpServlet.service(HttpServlet.java:741)
2020-03-03 03:33:27,748 ERROR [http-nio-8887-exec-5] c.m.f.f.c.a.ExceptionAdvice [ExceptionAdvice.java:24] org.apache.catalina.core.ApplicationFilterChain.internalDoFilter(ApplicationFilterChain.java:231)
2020-03-03 03:33:27,748 ERROR [http-nio-8887-exec-5] c.m.f.f.c.a.ExceptionAdvice [ExceptionAdvice.java:24] org.apache.catalina.core.ApplicationFilterChain.doFilter(ApplicationFilterChain.java:166)
2020-03-03 03:33:27,748 ERROR [http-nio-8887-exec-5] c.m.f.f.c.a.ExceptionAdvice [ExceptionAdvice.java:24] org.apache.tomcat.websocket.server.WsFilter.doFilter(WsFilter.java:53)
2020-03-03 03:33:27,748 ERROR [http-nio-8887-exec-5] c.m.f.f.c.a.ExceptionAdvice [ExceptionAdvice.java:24] org.apache.catalina.core.ApplicationFilterChain.internalDoFilter(ApplicationFilterChain.java:193)
2020-03-03 03:33:27,749 ERROR [http-nio-8887-exec-5] c.m.f.f.c.a.ExceptionAdvice [ExceptionAdvice.java:24] org.apache.catalina.core.ApplicationFilterChain.doFilter(ApplicationFilterChain.java:166)
2020-03-03 03:33:27,750 ERROR [http-nio-8887-exec-5] c.m.f.f.c.a.ExceptionAdvice [ExceptionAdvice.java:24] org.springframework.web.filter.RequestContextFilter.doFilterInternal(RequestContextFilter.java:100)
2020-03-03 03:33:27,750 ERROR [http-nio-8887-exec-5] c.m.f.f.c.a.ExceptionAdvice [ExceptionAdvice.java:24] org.springframework.web.filter.OncePerRequestFilter.doFilter(OncePerRequestFilter.java:119)
2020-03-03 03:33:27,750 ERROR [http-nio-8887-exec-5] c.m.f.f.c.a.ExceptionAdvice [ExceptionAdvice.java:24] org.apache.catalina.core.ApplicationFilterChain.internalDoFilter(ApplicationFilterChain.java:193)
2020-03-03 03:33:27,750 ERROR [http-nio-8887-exec-5] c.m.f.f.c.a.ExceptionAdvice [ExceptionAdvice.java:24] org.apache.catalina.core.ApplicationFilterChain.doFilter(ApplicationFilterChain.java:166)
2020-03-03 03:33:27,750 ERROR [http-nio-8887-exec-5] c.m.f.f.c.a.ExceptionAdvice [ExceptionAdvice.java:24] org.springframework.web.filter.FormContentFilter.doFilterInternal(FormContentFilter.java:93)
2020-03-03 03:33:27,751 ERROR [http-nio-8887-exec-5] c.m.f.f.c.a.ExceptionAdvice [ExceptionAdvice.java:24] org.springframework.web.filter.OncePerRequestFilter.doFilter(OncePerRequestFilter.java:119)
2020-03-03 03:33:27,752 ERROR [http-nio-8887-exec-5] c.m.f.f.c.a.ExceptionAdvice [ExceptionAdvice.java:24] org.apache.catalina.core.ApplicationFilterChain.internalDoFilter(ApplicationFilterChain.java:193)
2020-03-03 03:33:27,752 ERROR [http-nio-8887-exec-5] c.m.f.f.c.a.ExceptionAdvice [ExceptionAdvice.java:24] org.apache.catalina.core.ApplicationFilterChain.doFilter(ApplicationFilterChain.java:166)
2020-03-03 03:33:27,752 ERROR [http-nio-8887-exec-5] c.m.f.f.c.a.ExceptionAdvice [ExceptionAdvice.java:24] org.springframework.web.filter.CharacterEncodingFilter.doFilterInternal(CharacterEncodingFilter.java:201)
2020-03-03 03:33:27,752 ERROR [http-nio-8887-exec-5] c.m.f.f.c.a.ExceptionAdvice [ExceptionAdvice.java:24] org.springframework.web.filter.OncePerRequestFilter.doFilter(OncePerRequestFilter.java:119)
2020-03-03 03:33:27,752 ERROR [http-nio-8887-exec-5] c.m.f.f.c.a.ExceptionAdvice [ExceptionAdvice.java:24] org.apache.catalina.core.ApplicationFilterChain.internalDoFilter(ApplicationFilterChain.java:193)
2020-03-03 03:33:27,752 ERROR [http-nio-8887-exec-5] c.m.f.f.c.a.ExceptionAdvice [ExceptionAdvice.java:24] org.apache.catalina.core.ApplicationFilterChain.doFilter(ApplicationFilterChain.java:166)
2020-03-03 03:33:27,752 ERROR [http-nio-8887-exec-5] c.m.f.f.c.a.ExceptionAdvice [ExceptionAdvice.java:24] org.apache.catalina.core.StandardWrapperValve.invoke(StandardWrapperValve.java:202)
2020-03-03 03:33:27,752 ERROR [http-nio-8887-exec-5] c.m.f.f.c.a.ExceptionAdvice [ExceptionAdvice.java:24] org.apache.catalina.core.StandardContextValve.invoke(StandardContextValve.java:96)
2020-03-03 03:33:27,752 ERROR [http-nio-8887-exec-5] c.m.f.f.c.a.ExceptionAdvice [ExceptionAdvice.java:24] org.apache.catalina.authenticator.AuthenticatorBase.invoke(AuthenticatorBase.java:541)
2020-03-03 03:33:27,753 ERROR [http-nio-8887-exec-5] c.m.f.f.c.a.ExceptionAdvice [ExceptionAdvice.java:24] org.apache.catalina.core.StandardHostValve.invoke(StandardHostValve.java:139)
2020-03-03 03:33:27,753 ERROR [http-nio-8887-exec-5] c.m.f.f.c.a.ExceptionAdvice [ExceptionAdvice.java:24] org.apache.catalina.valves.ErrorReportValve.invoke(ErrorReportValve.java:92)
2020-03-03 03:33:27,754 ERROR [http-nio-8887-exec-5] c.m.f.f.c.a.ExceptionAdvice [ExceptionAdvice.java:24] org.apache.catalina.core.StandardEngineValve.invoke(StandardEngineValve.java:74)
2020-03-03 03:33:27,754 ERROR [http-nio-8887-exec-5] c.m.f.f.c.a.ExceptionAdvice [ExceptionAdvice.java:24] org.apache.catalina.connector.CoyoteAdapter.service(CoyoteAdapter.java:343)
2020-03-03 03:33:27,755 ERROR [http-nio-8887-exec-5] c.m.f.f.c.a.ExceptionAdvice [ExceptionAdvice.java:24] org.apache.coyote.http11.Http11Processor.service(Http11Processor.java:367)
2020-03-03 03:33:27,755 ERROR [http-nio-8887-exec-5] c.m.f.f.c.a.ExceptionAdvice [ExceptionAdvice.java:24] org.apache.coyote.AbstractProcessorLight.process(AbstractProcessorLight.java:65)
2020-03-03 03:33:27,755 ERROR [http-nio-8887-exec-5] c.m.f.f.c.a.ExceptionAdvice [ExceptionAdvice.java:24] org.apache.coyote.AbstractProtocol$ConnectionHandler.process(AbstractProtocol.java:860)
2020-03-03 03:33:27,755 ERROR [http-nio-8887-exec-5] c.m.f.f.c.a.ExceptionAdvice [ExceptionAdvice.java:24] org.apache.tomcat.util.net.NioEndpoint$SocketProcessor.doRun(NioEndpoint.java:1598)
2020-03-03 03:33:27,755 ERROR [http-nio-8887-exec-5] c.m.f.f.c.a.ExceptionAdvice [ExceptionAdvice.java:24] org.apache.tomcat.util.net.SocketProcessorBase.run(SocketProcessorBase.java:49)
2020-03-03 03:33:27,755 ERROR [http-nio-8887-exec-5] c.m.f.f.c.a.ExceptionAdvice [ExceptionAdvice.java:24] java.base/java.util.concurrent.ThreadPoolExecutor.runWorker(ThreadPoolExecutor.java:1128)
2020-03-03 03:33:27,755 ERROR [http-nio-8887-exec-5] c.m.f.f.c.a.ExceptionAdvice [ExceptionAdvice.java:24] java.base/java.util.concurrent.ThreadPoolExecutor$Worker.run(ThreadPoolExecutor.java:628)
2020-03-03 03:33:27,756 ERROR [http-nio-8887-exec-5] c.m.f.f.c.a.ExceptionAdvice [ExceptionAdvice.java:24] org.apache.tomcat.util.threads.TaskThread$WrappingRunnable.run(TaskThread.java:61)
2020-03-03 03:33:27,756 ERROR [http-nio-8887-exec-5] c.m.f.f.c.a.ExceptionAdvice [ExceptionAdvice.java:24] java.base/java.lang.Thread.run(Thread.java:835)
2020-03-03 03:33:37,965 ERROR [http-nio-8887-exec-6] c.m.f.f.c.a.ExceptionAdvice [ExceptionAdvice.java:22] Server exception: [multi_match] requires query value
2020-03-03 03:33:37,965 ERROR [http-nio-8887-exec-6] c.m.f.f.c.a.ExceptionAdvice [ExceptionAdvice.java:24] org.elasticsearch.index.query.MultiMatchQueryBuilder.<init>(MultiMatchQueryBuilder.java:195)
2020-03-03 03:33:37,965 ERROR [http-nio-8887-exec-6] c.m.f.f.c.a.ExceptionAdvice [ExceptionAdvice.java:24] org.elasticsearch.index.query.QueryBuilders.multiMatchQuery(QueryBuilders.java:79)
2020-03-03 03:33:37,965 ERROR [http-nio-8887-exec-6] c.m.f.f.c.a.ExceptionAdvice [ExceptionAdvice.java:24] com.mz.finalcommunity.finalcommunity.service.ElasticsearchService.searchDiscussPost(ElasticsearchService.java:47)
2020-03-03 03:33:37,965 ERROR [http-nio-8887-exec-6] c.m.f.f.c.a.ExceptionAdvice [ExceptionAdvice.java:24] com.mz.finalcommunity.finalcommunity.service.ElasticsearchService$$FastClassBySpringCGLIB$$800c28c5.invoke(<generated>)
2020-03-03 03:33:37,966 ERROR [http-nio-8887-exec-6] c.m.f.f.c.a.ExceptionAdvice [ExceptionAdvice.java:24] org.springframework.cglib.proxy.MethodProxy.invoke(MethodProxy.java:218)
2020-03-03 03:33:37,966 ERROR [http-nio-8887-exec-6] c.m.f.f.c.a.ExceptionAdvice [ExceptionAdvice.java:24] org.springframework.aop.framework.CglibAopProxy$CglibMethodInvocation.invokeJoinpoint(CglibAopProxy.java:769)
2020-03-03 03:33:37,966 ERROR [http-nio-8887-exec-6] c.m.f.f.c.a.ExceptionAdvice [ExceptionAdvice.java:24] org.springframework.aop.framework.ReflectiveMethodInvocation.proceed(ReflectiveMethodInvocation.java:163)
2020-03-03 03:33:37,966 ERROR [http-nio-8887-exec-6] c.m.f.f.c.a.ExceptionAdvice [ExceptionAdvice.java:24] org.springframework.aop.framework.CglibAopProxy$CglibMethodInvocation.proceed(CglibAopProxy.java:747)
2020-03-03 03:33:37,966 ERROR [http-nio-8887-exec-6] c.m.f.f.c.a.ExceptionAdvice [ExceptionAdvice.java:24] org.springframework.aop.framework.adapter.MethodBeforeAdviceInterceptor.invoke(MethodBeforeAdviceInterceptor.java:56)
2020-03-03 03:33:37,966 ERROR [http-nio-8887-exec-6] c.m.f.f.c.a.ExceptionAdvice [ExceptionAdvice.java:24] org.springframework.aop.framework.ReflectiveMethodInvocation.proceed(ReflectiveMethodInvocation.java:186)
2020-03-03 03:33:37,966 ERROR [http-nio-8887-exec-6] c.m.f.f.c.a.ExceptionAdvice [ExceptionAdvice.java:24] org.springframework.aop.framework.CglibAopProxy$CglibMethodInvocation.proceed(CglibAopProxy.java:747)
2020-03-03 03:33:37,967 ERROR [http-nio-8887-exec-6] c.m.f.f.c.a.ExceptionAdvice [ExceptionAdvice.java:24] org.springframework.aop.interceptor.ExposeInvocationInterceptor.invoke(ExposeInvocationInterceptor.java:95)
2020-03-03 03:33:37,967 ERROR [http-nio-8887-exec-6] c.m.f.f.c.a.ExceptionAdvice [ExceptionAdvice.java:24] org.springframework.aop.framework.ReflectiveMethodInvocation.proceed(ReflectiveMethodInvocation.java:186)
2020-03-03 03:33:37,967 ERROR [http-nio-8887-exec-6] c.m.f.f.c.a.ExceptionAdvice [ExceptionAdvice.java:24] org.springframework.aop.framework.CglibAopProxy$CglibMethodInvocation.proceed(CglibAopProxy.java:747)
2020-03-03 03:33:37,967 ERROR [http-nio-8887-exec-6] c.m.f.f.c.a.ExceptionAdvice [ExceptionAdvice.java:24] org.springframework.aop.framework.CglibAopProxy$DynamicAdvisedInterceptor.intercept(CglibAopProxy.java:689)
2020-03-03 03:33:37,967 ERROR [http-nio-8887-exec-6] c.m.f.f.c.a.ExceptionAdvice [ExceptionAdvice.java:24] com.mz.finalcommunity.finalcommunity.service.ElasticsearchService$$EnhancerBySpringCGLIB$$1ee1a754.searchDiscussPost(<generated>)
2020-03-03 03:33:37,967 ERROR [http-nio-8887-exec-6] c.m.f.f.c.a.ExceptionAdvice [ExceptionAdvice.java:24] com.mz.finalcommunity.finalcommunity.controller.SearchController.search(SearchController.java:35)
2020-03-03 03:33:37,967 ERROR [http-nio-8887-exec-6] c.m.f.f.c.a.ExceptionAdvice [ExceptionAdvice.java:24] java.base/jdk.internal.reflect.NativeMethodAccessorImpl.invoke0(Native Method)
2020-03-03 03:33:37,968 ERROR [http-nio-8887-exec-6] c.m.f.f.c.a.ExceptionAdvice [ExceptionAdvice.java:24] java.base/jdk.internal.reflect.NativeMethodAccessorImpl.invoke(NativeMethodAccessorImpl.java:62)
2020-03-03 03:33:37,968 ERROR [http-nio-8887-exec-6] c.m.f.f.c.a.ExceptionAdvice [ExceptionAdvice.java:24] java.base/jdk.internal.reflect.DelegatingMethodAccessorImpl.invoke(DelegatingMethodAccessorImpl.java:43)
2020-03-03 03:33:37,968 ERROR [http-nio-8887-exec-6] c.m.f.f.c.a.ExceptionAdvice [ExceptionAdvice.java:24] java.base/java.lang.reflect.Method.invoke(Method.java:567)
2020-03-03 03:33:37,968 ERROR [http-nio-8887-exec-6] c.m.f.f.c.a.ExceptionAdvice [ExceptionAdvice.java:24] org.springframework.web.method.support.InvocableHandlerMethod.doInvoke(InvocableHandlerMethod.java:190)
2020-03-03 03:33:37,968 ERROR [http-nio-8887-exec-6] c.m.f.f.c.a.ExceptionAdvice [ExceptionAdvice.java:24] org.springframework.web.method.support.InvocableHandlerMethod.invokeForRequest(InvocableHandlerMethod.java:138)
2020-03-03 03:33:37,968 ERROR [http-nio-8887-exec-6] c.m.f.f.c.a.ExceptionAdvice [ExceptionAdvice.java:24] org.springframework.web.servlet.mvc.method.annotation.ServletInvocableHandlerMethod.invokeAndHandle(ServletInvocableHandlerMethod.java:106)
2020-03-03 03:33:37,968 ERROR [http-nio-8887-exec-6] c.m.f.f.c.a.ExceptionAdvice [ExceptionAdvice.java:24] org.springframework.web.servlet.mvc.method.annotation.RequestMappingHandlerAdapter.invokeHandlerMethod(RequestMappingHandlerAdapter.java:888)
2020-03-03 03:33:37,969 ERROR [http-nio-8887-exec-6] c.m.f.f.c.a.ExceptionAdvice [ExceptionAdvice.java:24] org.springframework.web.servlet.mvc.method.annotation.RequestMappingHandlerAdapter.handleInternal(RequestMappingHandlerAdapter.java:793)
2020-03-03 03:33:37,969 ERROR [http-nio-8887-exec-6] c.m.f.f.c.a.ExceptionAdvice [ExceptionAdvice.java:24] org.springframework.web.servlet.mvc.method.AbstractHandlerMethodAdapter.handle(AbstractHandlerMethodAdapter.java:87)
2020-03-03 03:33:37,969 ERROR [http-nio-8887-exec-6] c.m.f.f.c.a.ExceptionAdvice [ExceptionAdvice.java:24] org.springframework.web.servlet.DispatcherServlet.doDispatch(DispatcherServlet.java:1040)
2020-03-03 03:33:37,969 ERROR [http-nio-8887-exec-6] c.m.f.f.c.a.ExceptionAdvice [ExceptionAdvice.java:24] org.springframework.web.servlet.DispatcherServlet.doService(DispatcherServlet.java:943)
2020-03-03 03:33:37,969 ERROR [http-nio-8887-exec-6] c.m.f.f.c.a.ExceptionAdvice [ExceptionAdvice.java:24] org.springframework.web.servlet.FrameworkServlet.processRequest(FrameworkServlet.java:1006)
2020-03-03 03:33:37,969 ERROR [http-nio-8887-exec-6] c.m.f.f.c.a.ExceptionAdvice [ExceptionAdvice.java:24] org.springframework.web.servlet.FrameworkServlet.doGet(FrameworkServlet.java:898)
2020-03-03 03:33:37,969 ERROR [http-nio-8887-exec-6] c.m.f.f.c.a.ExceptionAdvice [ExceptionAdvice.java:24] javax.servlet.http.HttpServlet.service(HttpServlet.java:634)
2020-03-03 03:33:37,970 ERROR [http-nio-8887-exec-6] c.m.f.f.c.a.ExceptionAdvice [ExceptionAdvice.java:24] org.springframework.web.servlet.FrameworkServlet.service(FrameworkServlet.java:883)
2020-03-03 03:33:37,970 ERROR [http-nio-8887-exec-6] c.m.f.f.c.a.ExceptionAdvice [ExceptionAdvice.java:24] javax.servlet.http.HttpServlet.service(HttpServlet.java:741)
2020-03-03 03:33:37,970 ERROR [http-nio-8887-exec-6] c.m.f.f.c.a.ExceptionAdvice [ExceptionAdvice.java:24] org.apache.catalina.core.ApplicationFilterChain.internalDoFilter(ApplicationFilterChain.java:231)
2020-03-03 03:33:37,970 ERROR [http-nio-8887-exec-6] c.m.f.f.c.a.ExceptionAdvice [ExceptionAdvice.java:24] org.apache.catalina.core.ApplicationFilterChain.doFilter(ApplicationFilterChain.java:166)
2020-03-03 03:33:37,970 ERROR [http-nio-8887-exec-6] c.m.f.f.c.a.ExceptionAdvice [ExceptionAdvice.java:24] org.apache.tomcat.websocket.server.WsFilter.doFilter(WsFilter.java:53)
2020-03-03 03:33:37,970 ERROR [http-nio-8887-exec-6] c.m.f.f.c.a.ExceptionAdvice [ExceptionAdvice.java:24] org.apache.catalina.core.ApplicationFilterChain.internalDoFilter(ApplicationFilterChain.java:193)
2020-03-03 03:33:37,971 ERROR [http-nio-8887-exec-6] c.m.f.f.c.a.ExceptionAdvice [ExceptionAdvice.java:24] org.apache.catalina.core.ApplicationFilterChain.doFilter(ApplicationFilterChain.java:166)
2020-03-03 03:33:37,971 ERROR [http-nio-8887-exec-6] c.m.f.f.c.a.ExceptionAdvice [ExceptionAdvice.java:24] org.springframework.web.filter.RequestContextFilter.doFilterInternal(RequestContextFilter.java:100)
2020-03-03 03:33:37,971 ERROR [http-nio-8887-exec-6] c.m.f.f.c.a.ExceptionAdvice [ExceptionAdvice.java:24] org.springframework.web.filter.OncePerRequestFilter.doFilter(OncePerRequestFilter.java:119)
2020-03-03 03:33:37,972 ERROR [http-nio-8887-exec-6] c.m.f.f.c.a.ExceptionAdvice [ExceptionAdvice.java:24] org.apache.catalina.core.ApplicationFilterChain.internalDoFilter(ApplicationFilterChain.java:193)
2020-03-03 03:33:37,972 ERROR [http-nio-8887-exec-6] c.m.f.f.c.a.ExceptionAdvice [ExceptionAdvice.java:24] org.apache.catalina.core.ApplicationFilterChain.doFilter(ApplicationFilterChain.java:166)
2020-03-03 03:33:37,972 ERROR [http-nio-8887-exec-6] c.m.f.f.c.a.ExceptionAdvice [ExceptionAdvice.java:24] org.springframework.web.filter.FormContentFilter.doFilterInternal(FormContentFilter.java:93)
2020-03-03 03:33:37,972 ERROR [http-nio-8887-exec-6] c.m.f.f.c.a.ExceptionAdvice [ExceptionAdvice.java:24] org.springframework.web.filter.OncePerRequestFilter.doFilter(OncePerRequestFilter.java:119)
2020-03-03 03:33:37,972 ERROR [http-nio-8887-exec-6] c.m.f.f.c.a.ExceptionAdvice [ExceptionAdvice.java:24] org.apache.catalina.core.ApplicationFilterChain.internalDoFilter(ApplicationFilterChain.java:193)
2020-03-03 03:33:37,972 ERROR [http-nio-8887-exec-6] c.m.f.f.c.a.ExceptionAdvice [ExceptionAdvice.java:24] org.apache.catalina.core.ApplicationFilterChain.doFilter(ApplicationFilterChain.java:166)
2020-03-03 03:33:37,972 ERROR [http-nio-8887-exec-6] c.m.f.f.c.a.ExceptionAdvice [ExceptionAdvice.java:24] org.springframework.web.filter.CharacterEncodingFilter.doFilterInternal(CharacterEncodingFilter.java:201)
2020-03-03 03:33:37,973 ERROR [http-nio-8887-exec-6] c.m.f.f.c.a.ExceptionAdvice [ExceptionAdvice.java:24] org.springframework.web.filter.OncePerRequestFilter.doFilter(OncePerRequestFilter.java:119)
2020-03-03 03:33:37,973 ERROR [http-nio-8887-exec-6] c.m.f.f.c.a.ExceptionAdvice [ExceptionAdvice.java:24] org.apache.catalina.core.ApplicationFilterChain.internalDoFilter(ApplicationFilterChain.java:193)
2020-03-03 03:33:37,973 ERROR [http-nio-8887-exec-6] c.m.f.f.c.a.ExceptionAdvice [ExceptionAdvice.java:24] org.apache.catalina.core.ApplicationFilterChain.doFilter(ApplicationFilterChain.java:166)
2020-03-03 03:33:37,973 ERROR [http-nio-8887-exec-6] c.m.f.f.c.a.ExceptionAdvice [ExceptionAdvice.java:24] org.apache.catalina.core.StandardWrapperValve.invoke(StandardWrapperValve.java:202)
2020-03-03 03:33:37,973 ERROR [http-nio-8887-exec-6] c.m.f.f.c.a.ExceptionAdvice [ExceptionAdvice.java:24] org.apache.catalina.core.StandardContextValve.invoke(StandardContextValve.java:96)
2020-03-03 03:33:37,973 ERROR [http-nio-8887-exec-6] c.m.f.f.c.a.ExceptionAdvice [ExceptionAdvice.java:24] org.apache.catalina.authenticator.AuthenticatorBase.invoke(AuthenticatorBase.java:541)
2020-03-03 03:33:37,974 ERROR [http-nio-8887-exec-6] c.m.f.f.c.a.ExceptionAdvice [ExceptionAdvice.java:24] org.apache.catalina.core.StandardHostValve.invoke(StandardHostValve.java:139)
2020-03-03 03:33:37,974 ERROR [http-nio-8887-exec-6] c.m.f.f.c.a.ExceptionAdvice [ExceptionAdvice.java:24] org.apache.catalina.valves.ErrorReportValve.invoke(ErrorReportValve.java:92)
2020-03-03 03:33:37,974 ERROR [http-nio-8887-exec-6] c.m.f.f.c.a.ExceptionAdvice [ExceptionAdvice.java:24] org.apache.catalina.core.StandardEngineValve.invoke(StandardEngineValve.java:74)
2020-03-03 03:33:37,974 ERROR [http-nio-8887-exec-6] c.m.f.f.c.a.ExceptionAdvice [ExceptionAdvice.java:24] org.apache.catalina.connector.CoyoteAdapter.service(CoyoteAdapter.java:343)
2020-03-03 03:33:37,974 ERROR [http-nio-8887-exec-6] c.m.f.f.c.a.ExceptionAdvice [ExceptionAdvice.java:24] org.apache.coyote.http11.Http11Processor.service(Http11Processor.java:367)
2020-03-03 03:33:37,974 ERROR [http-nio-8887-exec-6] c.m.f.f.c.a.ExceptionAdvice [ExceptionAdvice.java:24] org.apache.coyote.AbstractProcessorLight.process(AbstractProcessorLight.java:65)
2020-03-03 03:33:37,974 ERROR [http-nio-8887-exec-6] c.m.f.f.c.a.ExceptionAdvice [ExceptionAdvice.java:24] org.apache.coyote.AbstractProtocol$ConnectionHandler.process(AbstractProtocol.java:860)
2020-03-03 03:33:37,975 ERROR [http-nio-8887-exec-6] c.m.f.f.c.a.ExceptionAdvice [ExceptionAdvice.java:24] org.apache.tomcat.util.net.NioEndpoint$SocketProcessor.doRun(NioEndpoint.java:1598)
2020-03-03 03:33:37,975 ERROR [http-nio-8887-exec-6] c.m.f.f.c.a.ExceptionAdvice [ExceptionAdvice.java:24] org.apache.tomcat.util.net.SocketProcessorBase.run(SocketProcessorBase.java:49)
2020-03-03 03:33:37,975 ERROR [http-nio-8887-exec-6] c.m.f.f.c.a.ExceptionAdvice [ExceptionAdvice.java:24] java.base/java.util.concurrent.ThreadPoolExecutor.runWorker(ThreadPoolExecutor.java:1128)
2020-03-03 03:33:37,975 ERROR [http-nio-8887-exec-6] c.m.f.f.c.a.ExceptionAdvice [ExceptionAdvice.java:24] java.base/java.util.concurrent.ThreadPoolExecutor$Worker.run(ThreadPoolExecutor.java:628)
2020-03-03 03:33:37,975 ERROR [http-nio-8887-exec-6] c.m.f.f.c.a.ExceptionAdvice [ExceptionAdvice.java:24] org.apache.tomcat.util.threads.TaskThread$WrappingRunnable.run(TaskThread.java:61)
2020-03-03 03:33:37,976 ERROR [http-nio-8887-exec-6] c.m.f.f.c.a.ExceptionAdvice [ExceptionAdvice.java:24] java.base/java.lang.Thread.run(Thread.java:835)
2020-03-03 03:35:54,609 ERROR [http-nio-8887-exec-7] c.m.f.f.c.a.ExceptionAdvice [ExceptionAdvice.java:22] Server exception: [multi_match] requires query value
2020-03-03 03:35:54,611 ERROR [http-nio-8887-exec-7] c.m.f.f.c.a.ExceptionAdvice [ExceptionAdvice.java:24] org.elasticsearch.index.query.MultiMatchQueryBuilder.<init>(MultiMatchQueryBuilder.java:195)
2020-03-03 03:35:54,612 ERROR [http-nio-8887-exec-7] c.m.f.f.c.a.ExceptionAdvice [ExceptionAdvice.java:24] org.elasticsearch.index.query.QueryBuilders.multiMatchQuery(QueryBuilders.java:79)
2020-03-03 03:35:54,613 ERROR [http-nio-8887-exec-7] c.m.f.f.c.a.ExceptionAdvice [ExceptionAdvice.java:24] com.mz.finalcommunity.finalcommunity.service.ElasticsearchService.searchDiscussPost(ElasticsearchService.java:47)
2020-03-03 03:35:54,613 ERROR [http-nio-8887-exec-7] c.m.f.f.c.a.ExceptionAdvice [ExceptionAdvice.java:24] com.mz.finalcommunity.finalcommunity.service.ElasticsearchService$$FastClassBySpringCGLIB$$800c28c5.invoke(<generated>)
2020-03-03 03:35:54,614 ERROR [http-nio-8887-exec-7] c.m.f.f.c.a.ExceptionAdvice [ExceptionAdvice.java:24] org.springframework.cglib.proxy.MethodProxy.invoke(MethodProxy.java:218)
2020-03-03 03:35:54,614 ERROR [http-nio-8887-exec-7] c.m.f.f.c.a.ExceptionAdvice [ExceptionAdvice.java:24] org.springframework.aop.framework.CglibAopProxy$CglibMethodInvocation.invokeJoinpoint(CglibAopProxy.java:769)
2020-03-03 03:35:54,614 ERROR [http-nio-8887-exec-7] c.m.f.f.c.a.ExceptionAdvice [ExceptionAdvice.java:24] org.springframework.aop.framework.ReflectiveMethodInvocation.proceed(ReflectiveMethodInvocation.java:163)
2020-03-03 03:35:54,615 ERROR [http-nio-8887-exec-7] c.m.f.f.c.a.ExceptionAdvice [ExceptionAdvice.java:24] org.springframework.aop.framework.CglibAopProxy$CglibMethodInvocation.proceed(CglibAopProxy.java:747)
2020-03-03 03:35:54,615 ERROR [http-nio-8887-exec-7] c.m.f.f.c.a.ExceptionAdvice [ExceptionAdvice.java:24] org.springframework.aop.framework.adapter.MethodBeforeAdviceInterceptor.invoke(MethodBeforeAdviceInterceptor.java:56)
2020-03-03 03:35:54,616 ERROR [http-nio-8887-exec-7] c.m.f.f.c.a.ExceptionAdvice [ExceptionAdvice.java:24] org.springframework.aop.framework.ReflectiveMethodInvocation.proceed(ReflectiveMethodInvocation.java:186)
2020-03-03 03:35:54,616 ERROR [http-nio-8887-exec-7] c.m.f.f.c.a.ExceptionAdvice [ExceptionAdvice.java:24] org.springframework.aop.framework.CglibAopProxy$CglibMethodInvocation.proceed(CglibAopProxy.java:747)
2020-03-03 03:35:54,617 ERROR [http-nio-8887-exec-7] c.m.f.f.c.a.ExceptionAdvice [ExceptionAdvice.java:24] org.springframework.aop.interceptor.ExposeInvocationInterceptor.invoke(ExposeInvocationInterceptor.java:95)
2020-03-03 03:35:54,617 ERROR [http-nio-8887-exec-7] c.m.f.f.c.a.ExceptionAdvice [ExceptionAdvice.java:24] org.springframework.aop.framework.ReflectiveMethodInvocation.proceed(ReflectiveMethodInvocation.java:186)
2020-03-03 03:35:54,617 ERROR [http-nio-8887-exec-7] c.m.f.f.c.a.ExceptionAdvice [ExceptionAdvice.java:24] org.springframework.aop.framework.CglibAopProxy$CglibMethodInvocation.proceed(CglibAopProxy.java:747)
2020-03-03 03:35:54,618 ERROR [http-nio-8887-exec-7] c.m.f.f.c.a.ExceptionAdvice [ExceptionAdvice.java:24] org.springframework.aop.framework.CglibAopProxy$DynamicAdvisedInterceptor.intercept(CglibAopProxy.java:689)
2020-03-03 03:35:54,619 ERROR [http-nio-8887-exec-7] c.m.f.f.c.a.ExceptionAdvice [ExceptionAdvice.java:24] com.mz.finalcommunity.finalcommunity.service.ElasticsearchService$$EnhancerBySpringCGLIB$$48b0f0b6.searchDiscussPost(<generated>)
2020-03-03 03:35:54,619 ERROR [http-nio-8887-exec-7] c.m.f.f.c.a.ExceptionAdvice [ExceptionAdvice.java:24] com.mz.finalcommunity.finalcommunity.controller.SearchController.search(SearchController.java:35)
2020-03-03 03:35:54,619 ERROR [http-nio-8887-exec-7] c.m.f.f.c.a.ExceptionAdvice [ExceptionAdvice.java:24] java.base/jdk.internal.reflect.NativeMethodAccessorImpl.invoke0(Native Method)
2020-03-03 03:35:54,620 ERROR [http-nio-8887-exec-7] c.m.f.f.c.a.ExceptionAdvice [ExceptionAdvice.java:24] java.base/jdk.internal.reflect.NativeMethodAccessorImpl.invoke(NativeMethodAccessorImpl.java:62)
2020-03-03 03:35:54,620 ERROR [http-nio-8887-exec-7] c.m.f.f.c.a.ExceptionAdvice [ExceptionAdvice.java:24] java.base/jdk.internal.reflect.DelegatingMethodAccessorImpl.invoke(DelegatingMethodAccessorImpl.java:43)
2020-03-03 03:35:54,621 ERROR [http-nio-8887-exec-7] c.m.f.f.c.a.ExceptionAdvice [ExceptionAdvice.java:24] java.base/java.lang.reflect.Method.invoke(Method.java:567)
2020-03-03 03:35:54,621 ERROR [http-nio-8887-exec-7] c.m.f.f.c.a.ExceptionAdvice [ExceptionAdvice.java:24] org.springframework.web.method.support.InvocableHandlerMethod.doInvoke(InvocableHandlerMethod.java:190)
2020-03-03 03:35:54,622 ERROR [http-nio-8887-exec-7] c.m.f.f.c.a.ExceptionAdvice [ExceptionAdvice.java:24] org.springframework.web.method.support.InvocableHandlerMethod.invokeForRequest(InvocableHandlerMethod.java:138)
2020-03-03 03:35:54,622 ERROR [http-nio-8887-exec-7] c.m.f.f.c.a.ExceptionAdvice [ExceptionAdvice.java:24] org.springframework.web.servlet.mvc.method.annotation.ServletInvocableHandlerMethod.invokeAndHandle(ServletInvocableHandlerMethod.java:106)
2020-03-03 03:35:54,622 ERROR [http-nio-8887-exec-7] c.m.f.f.c.a.ExceptionAdvice [ExceptionAdvice.java:24] org.springframework.web.servlet.mvc.method.annotation.RequestMappingHandlerAdapter.invokeHandlerMethod(RequestMappingHandlerAdapter.java:888)
2020-03-03 03:35:54,622 ERROR [http-nio-8887-exec-7] c.m.f.f.c.a.ExceptionAdvice [ExceptionAdvice.java:24] org.springframework.web.servlet.mvc.method.annotation.RequestMappingHandlerAdapter.handleInternal(RequestMappingHandlerAdapter.java:793)
2020-03-03 03:35:54,623 ERROR [http-nio-8887-exec-7] c.m.f.f.c.a.ExceptionAdvice [ExceptionAdvice.java:24] org.springframework.web.servlet.mvc.method.AbstractHandlerMethodAdapter.handle(AbstractHandlerMethodAdapter.java:87)
2020-03-03 03:35:54,623 ERROR [http-nio-8887-exec-7] c.m.f.f.c.a.ExceptionAdvice [ExceptionAdvice.java:24] org.springframework.web.servlet.DispatcherServlet.doDispatch(DispatcherServlet.java:1040)
2020-03-03 03:35:54,623 ERROR [http-nio-8887-exec-7] c.m.f.f.c.a.ExceptionAdvice [ExceptionAdvice.java:24] org.springframework.web.servlet.DispatcherServlet.doService(DispatcherServlet.java:943)
2020-03-03 03:35:54,624 ERROR [http-nio-8887-exec-7] c.m.f.f.c.a.ExceptionAdvice [ExceptionAdvice.java:24] org.springframework.web.servlet.FrameworkServlet.processRequest(FrameworkServlet.java:1006)
2020-03-03 03:35:54,624 ERROR [http-nio-8887-exec-7] c.m.f.f.c.a.ExceptionAdvice [ExceptionAdvice.java:24] org.springframework.web.servlet.FrameworkServlet.doGet(FrameworkServlet.java:898)
2020-03-03 03:35:54,624 ERROR [http-nio-8887-exec-7] c.m.f.f.c.a.ExceptionAdvice [ExceptionAdvice.java:24] javax.servlet.http.HttpServlet.service(HttpServlet.java:634)
2020-03-03 03:35:54,625 ERROR [http-nio-8887-exec-7] c.m.f.f.c.a.ExceptionAdvice [ExceptionAdvice.java:24] org.springframework.web.servlet.FrameworkServlet.service(FrameworkServlet.java:883)
2020-03-03 03:35:54,625 ERROR [http-nio-8887-exec-7] c.m.f.f.c.a.ExceptionAdvice [ExceptionAdvice.java:24] javax.servlet.http.HttpServlet.service(HttpServlet.java:741)
2020-03-03 03:35:54,625 ERROR [http-nio-8887-exec-7] c.m.f.f.c.a.ExceptionAdvice [ExceptionAdvice.java:24] org.apache.catalina.core.ApplicationFilterChain.internalDoFilter(ApplicationFilterChain.java:231)
2020-03-03 03:35:54,626 ERROR [http-nio-8887-exec-7] c.m.f.f.c.a.ExceptionAdvice [ExceptionAdvice.java:24] org.apache.catalina.core.ApplicationFilterChain.doFilter(ApplicationFilterChain.java:166)
2020-03-03 03:35:54,628 ERROR [http-nio-8887-exec-7] c.m.f.f.c.a.ExceptionAdvice [ExceptionAdvice.java:24] org.apache.tomcat.websocket.server.WsFilter.doFilter(WsFilter.java:53)
2020-03-03 03:35:54,628 ERROR [http-nio-8887-exec-7] c.m.f.f.c.a.ExceptionAdvice [ExceptionAdvice.java:24] org.apache.catalina.core.ApplicationFilterChain.internalDoFilter(ApplicationFilterChain.java:193)
2020-03-03 03:35:54,628 ERROR [http-nio-8887-exec-7] c.m.f.f.c.a.ExceptionAdvice [ExceptionAdvice.java:24] org.apache.catalina.core.ApplicationFilterChain.doFilter(ApplicationFilterChain.java:166)
2020-03-03 03:35:54,629 ERROR [http-nio-8887-exec-7] c.m.f.f.c.a.ExceptionAdvice [ExceptionAdvice.java:24] org.springframework.web.filter.RequestContextFilter.doFilterInternal(RequestContextFilter.java:100)
2020-03-03 03:35:54,629 ERROR [http-nio-8887-exec-7] c.m.f.f.c.a.ExceptionAdvice [ExceptionAdvice.java:24] org.springframework.web.filter.OncePerRequestFilter.doFilter(OncePerRequestFilter.java:119)
2020-03-03 03:35:54,629 ERROR [http-nio-8887-exec-7] c.m.f.f.c.a.ExceptionAdvice [ExceptionAdvice.java:24] org.apache.catalina.core.ApplicationFilterChain.internalDoFilter(ApplicationFilterChain.java:193)
2020-03-03 03:35:54,629 ERROR [http-nio-8887-exec-7] c.m.f.f.c.a.ExceptionAdvice [ExceptionAdvice.java:24] org.apache.catalina.core.ApplicationFilterChain.doFilter(ApplicationFilterChain.java:166)
2020-03-03 03:35:54,630 ERROR [http-nio-8887-exec-7] c.m.f.f.c.a.ExceptionAdvice [ExceptionAdvice.java:24] org.springframework.web.filter.FormContentFilter.doFilterInternal(FormContentFilter.java:93)
2020-03-03 03:35:54,630 ERROR [http-nio-8887-exec-7] c.m.f.f.c.a.ExceptionAdvice [ExceptionAdvice.java:24] org.springframework.web.filter.OncePerRequestFilter.doFilter(OncePerRequestFilter.java:119)
2020-03-03 03:35:54,630 ERROR [http-nio-8887-exec-7] c.m.f.f.c.a.ExceptionAdvice [ExceptionAdvice.java:24] org.apache.catalina.core.ApplicationFilterChain.internalDoFilter(ApplicationFilterChain.java:193)
2020-03-03 03:35:54,631 ERROR [http-nio-8887-exec-7] c.m.f.f.c.a.ExceptionAdvice [ExceptionAdvice.java:24] org.apache.catalina.core.ApplicationFilterChain.doFilter(ApplicationFilterChain.java:166)
2020-03-03 03:35:54,631 ERROR [http-nio-8887-exec-7] c.m.f.f.c.a.ExceptionAdvice [ExceptionAdvice.java:24] org.springframework.web.filter.CharacterEncodingFilter.doFilterInternal(CharacterEncodingFilter.java:201)
2020-03-03 03:35:54,631 ERROR [http-nio-8887-exec-7] c.m.f.f.c.a.ExceptionAdvice [ExceptionAdvice.java:24] org.springframework.web.filter.OncePerRequestFilter.doFilter(OncePerRequestFilter.java:119)
2020-03-03 03:35:54,632 ERROR [http-nio-8887-exec-7] c.m.f.f.c.a.ExceptionAdvice [ExceptionAdvice.java:24] org.apache.catalina.core.ApplicationFilterChain.internalDoFilter(ApplicationFilterChain.java:193)
2020-03-03 03:35:54,632 ERROR [http-nio-8887-exec-7] c.m.f.f.c.a.ExceptionAdvice [ExceptionAdvice.java:24] org.apache.catalina.core.ApplicationFilterChain.doFilter(ApplicationFilterChain.java:166)
2020-03-03 03:35:54,632 ERROR [http-nio-8887-exec-7] c.m.f.f.c.a.ExceptionAdvice [ExceptionAdvice.java:24] org.apache.catalina.core.StandardWrapperValve.invoke(StandardWrapperValve.java:202)
2020-03-03 03:35:54,632 ERROR [http-nio-8887-exec-7] c.m.f.f.c.a.ExceptionAdvice [ExceptionAdvice.java:24] org.apache.catalina.core.StandardContextValve.invoke(StandardContextValve.java:96)
2020-03-03 03:35:54,633 ERROR [http-nio-8887-exec-7] c.m.f.f.c.a.ExceptionAdvice [ExceptionAdvice.java:24] org.apache.catalina.authenticator.AuthenticatorBase.invoke(AuthenticatorBase.java:541)
2020-03-03 03:35:54,633 ERROR [http-nio-8887-exec-7] c.m.f.f.c.a.ExceptionAdvice [ExceptionAdvice.java:24] org.apache.catalina.core.StandardHostValve.invoke(StandardHostValve.java:139)
2020-03-03 03:35:54,633 ERROR [http-nio-8887-exec-7] c.m.f.f.c.a.ExceptionAdvice [ExceptionAdvice.java:24] org.apache.catalina.valves.ErrorReportValve.invoke(ErrorReportValve.java:92)
2020-03-03 03:35:54,633 ERROR [http-nio-8887-exec-7] c.m.f.f.c.a.ExceptionAdvice [ExceptionAdvice.java:24] org.apache.catalina.core.StandardEngineValve.invoke(StandardEngineValve.java:74)
2020-03-03 03:35:54,634 ERROR [http-nio-8887-exec-7] c.m.f.f.c.a.ExceptionAdvice [ExceptionAdvice.java:24] org.apache.catalina.connector.CoyoteAdapter.service(CoyoteAdapter.java:343)
2020-03-03 03:35:54,634 ERROR [http-nio-8887-exec-7] c.m.f.f.c.a.ExceptionAdvice [ExceptionAdvice.java:24] org.apache.coyote.http11.Http11Processor.service(Http11Processor.java:367)
2020-03-03 03:35:54,635 ERROR [http-nio-8887-exec-7] c.m.f.f.c.a.ExceptionAdvice [ExceptionAdvice.java:24] org.apache.coyote.AbstractProcessorLight.process(AbstractProcessorLight.java:65)
2020-03-03 03:35:54,635 ERROR [http-nio-8887-exec-7] c.m.f.f.c.a.ExceptionAdvice [ExceptionAdvice.java:24] org.apache.coyote.AbstractProtocol$ConnectionHandler.process(AbstractProtocol.java:860)
2020-03-03 03:35:54,635 ERROR [http-nio-8887-exec-7] c.m.f.f.c.a.ExceptionAdvice [ExceptionAdvice.java:24] org.apache.tomcat.util.net.NioEndpoint$SocketProcessor.doRun(NioEndpoint.java:1598)
2020-03-03 03:35:54,635 ERROR [http-nio-8887-exec-7] c.m.f.f.c.a.ExceptionAdvice [ExceptionAdvice.java:24] org.apache.tomcat.util.net.SocketProcessorBase.run(SocketProcessorBase.java:49)
2020-03-03 03:35:54,635 ERROR [http-nio-8887-exec-7] c.m.f.f.c.a.ExceptionAdvice [ExceptionAdvice.java:24] java.base/java.util.concurrent.ThreadPoolExecutor.runWorker(ThreadPoolExecutor.java:1128)
2020-03-03 03:35:54,636 ERROR [http-nio-8887-exec-7] c.m.f.f.c.a.ExceptionAdvice [ExceptionAdvice.java:24] java.base/java.util.concurrent.ThreadPoolExecutor$Worker.run(ThreadPoolExecutor.java:628)
2020-03-03 03:35:54,636 ERROR [http-nio-8887-exec-7] c.m.f.f.c.a.ExceptionAdvice [ExceptionAdvice.java:24] org.apache.tomcat.util.threads.TaskThread$WrappingRunnable.run(TaskThread.java:61)
2020-03-03 03:35:54,636 ERROR [http-nio-8887-exec-7] c.m.f.f.c.a.ExceptionAdvice [ExceptionAdvice.java:24] java.base/java.lang.Thread.run(Thread.java:835)
2020-03-03 03:38:14,219 ERROR [http-nio-8887-exec-3] c.m.f.f.c.a.ExceptionAdvice [ExceptionAdvice.java:22] Server exception: [multi_match] requires query value
2020-03-03 03:38:14,220 ERROR [http-nio-8887-exec-3] c.m.f.f.c.a.ExceptionAdvice [ExceptionAdvice.java:24] org.elasticsearch.index.query.MultiMatchQueryBuilder.<init>(MultiMatchQueryBuilder.java:195)
2020-03-03 03:38:14,220 ERROR [http-nio-8887-exec-3] c.m.f.f.c.a.ExceptionAdvice [ExceptionAdvice.java:24] org.elasticsearch.index.query.QueryBuilders.multiMatchQuery(QueryBuilders.java:79)
2020-03-03 03:38:14,221 ERROR [http-nio-8887-exec-3] c.m.f.f.c.a.ExceptionAdvice [ExceptionAdvice.java:24] com.mz.finalcommunity.finalcommunity.service.ElasticsearchService.searchDiscussPost(ElasticsearchService.java:47)
2020-03-03 03:38:14,221 ERROR [http-nio-8887-exec-3] c.m.f.f.c.a.ExceptionAdvice [ExceptionAdvice.java:24] com.mz.finalcommunity.finalcommunity.service.ElasticsearchService$$FastClassBySpringCGLIB$$800c28c5.invoke(<generated>)
2020-03-03 03:38:14,221 ERROR [http-nio-8887-exec-3] c.m.f.f.c.a.ExceptionAdvice [ExceptionAdvice.java:24] org.springframework.cglib.proxy.MethodProxy.invoke(MethodProxy.java:218)
2020-03-03 03:38:14,221 ERROR [http-nio-8887-exec-3] c.m.f.f.c.a.ExceptionAdvice [ExceptionAdvice.java:24] org.springframework.aop.framework.CglibAopProxy$CglibMethodInvocation.invokeJoinpoint(CglibAopProxy.java:769)
2020-03-03 03:38:14,222 ERROR [http-nio-8887-exec-3] c.m.f.f.c.a.ExceptionAdvice [ExceptionAdvice.java:24] org.springframework.aop.framework.ReflectiveMethodInvocation.proceed(ReflectiveMethodInvocation.java:163)
2020-03-03 03:38:14,222 ERROR [http-nio-8887-exec-3] c.m.f.f.c.a.ExceptionAdvice [ExceptionAdvice.java:24] org.springframework.aop.framework.CglibAopProxy$CglibMethodInvocation.proceed(CglibAopProxy.java:747)
2020-03-03 03:38:14,222 ERROR [http-nio-8887-exec-3] c.m.f.f.c.a.ExceptionAdvice [ExceptionAdvice.java:24] org.springframework.aop.framework.adapter.MethodBeforeAdviceInterceptor.invoke(MethodBeforeAdviceInterceptor.java:56)
2020-03-03 03:38:14,222 ERROR [http-nio-8887-exec-3] c.m.f.f.c.a.ExceptionAdvice [ExceptionAdvice.java:24] org.springframework.aop.framework.ReflectiveMethodInvocation.proceed(ReflectiveMethodInvocation.java:186)
2020-03-03 03:38:14,223 ERROR [http-nio-8887-exec-3] c.m.f.f.c.a.ExceptionAdvice [ExceptionAdvice.java:24] org.springframework.aop.framework.CglibAopProxy$CglibMethodInvocation.proceed(CglibAopProxy.java:747)
2020-03-03 03:38:14,223 ERROR [http-nio-8887-exec-3] c.m.f.f.c.a.ExceptionAdvice [ExceptionAdvice.java:24] org.springframework.aop.interceptor.ExposeInvocationInterceptor.invoke(ExposeInvocationInterceptor.java:95)
2020-03-03 03:38:14,223 ERROR [http-nio-8887-exec-3] c.m.f.f.c.a.ExceptionAdvice [ExceptionAdvice.java:24] org.springframework.aop.framework.ReflectiveMethodInvocation.proceed(ReflectiveMethodInvocation.java:186)
2020-03-03 03:38:14,223 ERROR [http-nio-8887-exec-3] c.m.f.f.c.a.ExceptionAdvice [ExceptionAdvice.java:24] org.springframework.aop.framework.CglibAopProxy$CglibMethodInvocation.proceed(CglibAopProxy.java:747)
2020-03-03 03:38:14,223 ERROR [http-nio-8887-exec-3] c.m.f.f.c.a.ExceptionAdvice [ExceptionAdvice.java:24] org.springframework.aop.framework.CglibAopProxy$DynamicAdvisedInterceptor.intercept(CglibAopProxy.java:689)
2020-03-03 03:38:14,224 ERROR [http-nio-8887-exec-3] c.m.f.f.c.a.ExceptionAdvice [ExceptionAdvice.java:24] com.mz.finalcommunity.finalcommunity.service.ElasticsearchService$$EnhancerBySpringCGLIB$$fd2f756.searchDiscussPost(<generated>)
2020-03-03 03:38:14,224 ERROR [http-nio-8887-exec-3] c.m.f.f.c.a.ExceptionAdvice [ExceptionAdvice.java:24] com.mz.finalcommunity.finalcommunity.controller.SearchController.search(SearchController.java:35)
2020-03-03 03:38:14,225 ERROR [http-nio-8887-exec-3] c.m.f.f.c.a.ExceptionAdvice [ExceptionAdvice.java:24] java.base/jdk.internal.reflect.NativeMethodAccessorImpl.invoke0(Native Method)
2020-03-03 03:38:14,225 ERROR [http-nio-8887-exec-3] c.m.f.f.c.a.ExceptionAdvice [ExceptionAdvice.java:24] java.base/jdk.internal.reflect.NativeMethodAccessorImpl.invoke(NativeMethodAccessorImpl.java:62)
2020-03-03 03:38:14,225 ERROR [http-nio-8887-exec-3] c.m.f.f.c.a.ExceptionAdvice [ExceptionAdvice.java:24] java.base/jdk.internal.reflect.DelegatingMethodAccessorImpl.invoke(DelegatingMethodAccessorImpl.java:43)
2020-03-03 03:38:14,226 ERROR [http-nio-8887-exec-3] c.m.f.f.c.a.ExceptionAdvice [ExceptionAdvice.java:24] java.base/java.lang.reflect.Method.invoke(Method.java:567)
2020-03-03 03:38:14,226 ERROR [http-nio-8887-exec-3] c.m.f.f.c.a.ExceptionAdvice [ExceptionAdvice.java:24] org.springframework.web.method.support.InvocableHandlerMethod.doInvoke(InvocableHandlerMethod.java:190)
2020-03-03 03:38:14,226 ERROR [http-nio-8887-exec-3] c.m.f.f.c.a.ExceptionAdvice [ExceptionAdvice.java:24] org.springframework.web.method.support.InvocableHandlerMethod.invokeForRequest(InvocableHandlerMethod.java:138)
2020-03-03 03:38:14,226 ERROR [http-nio-8887-exec-3] c.m.f.f.c.a.ExceptionAdvice [ExceptionAdvice.java:24] org.springframework.web.servlet.mvc.method.annotation.ServletInvocableHandlerMethod.invokeAndHandle(ServletInvocableHandlerMethod.java:106)
2020-03-03 03:38:14,227 ERROR [http-nio-8887-exec-3] c.m.f.f.c.a.ExceptionAdvice [ExceptionAdvice.java:24] org.springframework.web.servlet.mvc.method.annotation.RequestMappingHandlerAdapter.invokeHandlerMethod(RequestMappingHandlerAdapter.java:888)
2020-03-03 03:38:14,227 ERROR [http-nio-8887-exec-3] c.m.f.f.c.a.ExceptionAdvice [ExceptionAdvice.java:24] org.springframework.web.servlet.mvc.method.annotation.RequestMappingHandlerAdapter.handleInternal(RequestMappingHandlerAdapter.java:793)
2020-03-03 03:38:14,227 ERROR [http-nio-8887-exec-3] c.m.f.f.c.a.ExceptionAdvice [ExceptionAdvice.java:24] org.springframework.web.servlet.mvc.method.AbstractHandlerMethodAdapter.handle(AbstractHandlerMethodAdapter.java:87)
2020-03-03 03:38:14,227 ERROR [http-nio-8887-exec-3] c.m.f.f.c.a.ExceptionAdvice [ExceptionAdvice.java:24] org.springframework.web.servlet.DispatcherServlet.doDispatch(DispatcherServlet.java:1040)
2020-03-03 03:38:14,227 ERROR [http-nio-8887-exec-3] c.m.f.f.c.a.ExceptionAdvice [ExceptionAdvice.java:24] org.springframework.web.servlet.DispatcherServlet.doService(DispatcherServlet.java:943)
2020-03-03 03:38:14,228 ERROR [http-nio-8887-exec-3] c.m.f.f.c.a.ExceptionAdvice [ExceptionAdvice.java:24] org.springframework.web.servlet.FrameworkServlet.processRequest(FrameworkServlet.java:1006)
2020-03-03 03:38:14,228 ERROR [http-nio-8887-exec-3] c.m.f.f.c.a.ExceptionAdvice [ExceptionAdvice.java:24] org.springframework.web.servlet.FrameworkServlet.doGet(FrameworkServlet.java:898)
2020-03-03 03:38:14,228 ERROR [http-nio-8887-exec-3] c.m.f.f.c.a.ExceptionAdvice [ExceptionAdvice.java:24] javax.servlet.http.HttpServlet.service(HttpServlet.java:634)
2020-03-03 03:38:14,228 ERROR [http-nio-8887-exec-3] c.m.f.f.c.a.ExceptionAdvice [ExceptionAdvice.java:24] org.springframework.web.servlet.FrameworkServlet.service(FrameworkServlet.java:883)
2020-03-03 03:38:14,229 ERROR [http-nio-8887-exec-3] c.m.f.f.c.a.ExceptionAdvice [ExceptionAdvice.java:24] javax.servlet.http.HttpServlet.service(HttpServlet.java:741)
2020-03-03 03:38:14,229 ERROR [http-nio-8887-exec-3] c.m.f.f.c.a.ExceptionAdvice [ExceptionAdvice.java:24] org.apache.catalina.core.ApplicationFilterChain.internalDoFilter(ApplicationFilterChain.java:231)
2020-03-03 03:38:14,229 ERROR [http-nio-8887-exec-3] c.m.f.f.c.a.ExceptionAdvice [ExceptionAdvice.java:24] org.apache.catalina.core.ApplicationFilterChain.doFilter(ApplicationFilterChain.java:166)
2020-03-03 03:38:14,229 ERROR [http-nio-8887-exec-3] c.m.f.f.c.a.ExceptionAdvice [ExceptionAdvice.java:24] org.apache.tomcat.websocket.server.WsFilter.doFilter(WsFilter.java:53)
2020-03-03 03:38:14,229 ERROR [http-nio-8887-exec-3] c.m.f.f.c.a.ExceptionAdvice [ExceptionAdvice.java:24] org.apache.catalina.core.ApplicationFilterChain.internalDoFilter(ApplicationFilterChain.java:193)
2020-03-03 03:38:14,230 ERROR [http-nio-8887-exec-3] c.m.f.f.c.a.ExceptionAdvice [ExceptionAdvice.java:24] org.apache.catalina.core.ApplicationFilterChain.doFilter(ApplicationFilterChain.java:166)
2020-03-03 03:38:14,230 ERROR [http-nio-8887-exec-3] c.m.f.f.c.a.ExceptionAdvice [ExceptionAdvice.java:24] org.springframework.web.filter.RequestContextFilter.doFilterInternal(RequestContextFilter.java:100)
2020-03-03 03:38:14,230 ERROR [http-nio-8887-exec-3] c.m.f.f.c.a.ExceptionAdvice [ExceptionAdvice.java:24] org.springframework.web.filter.OncePerRequestFilter.doFilter(OncePerRequestFilter.java:119)
2020-03-03 03:38:14,230 ERROR [http-nio-8887-exec-3] c.m.f.f.c.a.ExceptionAdvice [ExceptionAdvice.java:24] org.apache.catalina.core.ApplicationFilterChain.internalDoFilter(ApplicationFilterChain.java:193)
2020-03-03 03:38:14,230 ERROR [http-nio-8887-exec-3] c.m.f.f.c.a.ExceptionAdvice [ExceptionAdvice.java:24] org.apache.catalina.core.ApplicationFilterChain.doFilter(ApplicationFilterChain.java:166)
2020-03-03 03:38:14,231 ERROR [http-nio-8887-exec-3] c.m.f.f.c.a.ExceptionAdvice [ExceptionAdvice.java:24] org.springframework.web.filter.FormContentFilter.doFilterInternal(FormContentFilter.java:93)
2020-03-03 03:38:14,231 ERROR [http-nio-8887-exec-3] c.m.f.f.c.a.ExceptionAdvice [ExceptionAdvice.java:24] org.springframework.web.filter.OncePerRequestFilter.doFilter(OncePerRequestFilter.java:119)
2020-03-03 03:38:14,231 ERROR [http-nio-8887-exec-3] c.m.f.f.c.a.ExceptionAdvice [ExceptionAdvice.java:24] org.apache.catalina.core.ApplicationFilterChain.internalDoFilter(ApplicationFilterChain.java:193)
2020-03-03 03:38:14,231 ERROR [http-nio-8887-exec-3] c.m.f.f.c.a.ExceptionAdvice [ExceptionAdvice.java:24] org.apache.catalina.core.ApplicationFilterChain.doFilter(ApplicationFilterChain.java:166)
2020-03-03 03:38:14,231 ERROR [http-nio-8887-exec-3] c.m.f.f.c.a.ExceptionAdvice [ExceptionAdvice.java:24] org.springframework.web.filter.CharacterEncodingFilter.doFilterInternal(CharacterEncodingFilter.java:201)
2020-03-03 03:38:14,232 ERROR [http-nio-8887-exec-3] c.m.f.f.c.a.ExceptionAdvice [ExceptionAdvice.java:24] org.springframework.web.filter.OncePerRequestFilter.doFilter(OncePerRequestFilter.java:119)
2020-03-03 03:38:14,232 ERROR [http-nio-8887-exec-3] c.m.f.f.c.a.ExceptionAdvice [ExceptionAdvice.java:24] org.apache.catalina.core.ApplicationFilterChain.internalDoFilter(ApplicationFilterChain.java:193)
2020-03-03 03:38:14,232 ERROR [http-nio-8887-exec-3] c.m.f.f.c.a.ExceptionAdvice [ExceptionAdvice.java:24] org.apache.catalina.core.ApplicationFilterChain.doFilter(ApplicationFilterChain.java:166)
2020-03-03 03:38:14,232 ERROR [http-nio-8887-exec-3] c.m.f.f.c.a.ExceptionAdvice [ExceptionAdvice.java:24] org.apache.catalina.core.StandardWrapperValve.invoke(StandardWrapperValve.java:202)
2020-03-03 03:38:14,233 ERROR [http-nio-8887-exec-3] c.m.f.f.c.a.ExceptionAdvice [ExceptionAdvice.java:24] org.apache.catalina.core.StandardContextValve.invoke(StandardContextValve.java:96)
2020-03-03 03:38:14,233 ERROR [http-nio-8887-exec-3] c.m.f.f.c.a.ExceptionAdvice [ExceptionAdvice.java:24] org.apache.catalina.authenticator.AuthenticatorBase.invoke(AuthenticatorBase.java:541)
2020-03-03 03:38:14,233 ERROR [http-nio-8887-exec-3] c.m.f.f.c.a.ExceptionAdvice [ExceptionAdvice.java:24] org.apache.catalina.core.StandardHostValve.invoke(StandardHostValve.java:139)
2020-03-03 03:38:14,233 ERROR [http-nio-8887-exec-3] c.m.f.f.c.a.ExceptionAdvice [ExceptionAdvice.java:24] org.apache.catalina.valves.ErrorReportValve.invoke(ErrorReportValve.java:92)
2020-03-03 03:38:14,233 ERROR [http-nio-8887-exec-3] c.m.f.f.c.a.ExceptionAdvice [ExceptionAdvice.java:24] org.apache.catalina.core.StandardEngineValve.invoke(StandardEngineValve.java:74)
2020-03-03 03:38:14,234 ERROR [http-nio-8887-exec-3] c.m.f.f.c.a.ExceptionAdvice [ExceptionAdvice.java:24] org.apache.catalina.connector.CoyoteAdapter.service(CoyoteAdapter.java:343)
2020-03-03 03:38:14,234 ERROR [http-nio-8887-exec-3] c.m.f.f.c.a.ExceptionAdvice [ExceptionAdvice.java:24] org.apache.coyote.http11.Http11Processor.service(Http11Processor.java:367)
2020-03-03 03:38:14,234 ERROR [http-nio-8887-exec-3] c.m.f.f.c.a.ExceptionAdvice [ExceptionAdvice.java:24] org.apache.coyote.AbstractProcessorLight.process(AbstractProcessorLight.java:65)
2020-03-03 03:38:14,234 ERROR [http-nio-8887-exec-3] c.m.f.f.c.a.ExceptionAdvice [ExceptionAdvice.java:24] org.apache.coyote.AbstractProtocol$ConnectionHandler.process(AbstractProtocol.java:860)
2020-03-03 03:38:14,234 ERROR [http-nio-8887-exec-3] c.m.f.f.c.a.ExceptionAdvice [ExceptionAdvice.java:24] org.apache.tomcat.util.net.NioEndpoint$SocketProcessor.doRun(NioEndpoint.java:1598)
2020-03-03 03:38:14,235 ERROR [http-nio-8887-exec-3] c.m.f.f.c.a.ExceptionAdvice [ExceptionAdvice.java:24] org.apache.tomcat.util.net.SocketProcessorBase.run(SocketProcessorBase.java:49)
2020-03-03 03:38:14,235 ERROR [http-nio-8887-exec-3] c.m.f.f.c.a.ExceptionAdvice [ExceptionAdvice.java:24] java.base/java.util.concurrent.ThreadPoolExecutor.runWorker(ThreadPoolExecutor.java:1128)
2020-03-03 03:38:14,235 ERROR [http-nio-8887-exec-3] c.m.f.f.c.a.ExceptionAdvice [ExceptionAdvice.java:24] java.base/java.util.concurrent.ThreadPoolExecutor$Worker.run(ThreadPoolExecutor.java:628)
2020-03-03 03:38:14,235 ERROR [http-nio-8887-exec-3] c.m.f.f.c.a.ExceptionAdvice [ExceptionAdvice.java:24] org.apache.tomcat.util.threads.TaskThread$WrappingRunnable.run(TaskThread.java:61)
2020-03-03 03:38:14,236 ERROR [http-nio-8887-exec-3] c.m.f.f.c.a.ExceptionAdvice [ExceptionAdvice.java:24] java.base/java.lang.Thread.run(Thread.java:835)
2020-03-03 04:06:34,503 ERROR [restartedMain] o.s.d.e.r.s.AbstractElasticsearchRepository [AbstractElasticsearchRepository.java:93] failed to load elasticsearch nodes : org.elasticsearch.index.mapper.MapperParsingException: analyzer [stemmer] not found for field [title]
